Current Pose: X: 0.0107164, Y: 0.170614, Z: -1.95716, Yaw: 1.82529, Target Pose: X: 0, Y: 0, Z: 0, Yaw: 0, Velocity_out: X: -0.0107164, Y: -0.170614, Z: 1.95716, Velocity_in: X: 0, Y: 0, Z: 0, Error: X: -0.0107164, Y: -0.170614, Z: 1.95716, 
Current Pose: X: 0.0107221, Y: 0.170584, Z: -1.95705, Yaw: 1.82528, Target Pose: X: 0, Y: 0, Z: 0, Yaw: 0, Velocity_out: X: -0.0107221, Y: -0.170584, Z: 1.95705, Velocity_in: X: -0.00260607, Y: 0.000163581, Z: 0.00925834, Error: X: -0.0107221, Y: -0.170584, Z: 1.95705, 
Current Pose: X: 0.0107254, Y: 0.170566, Z: -1.95691, Yaw: 1.82527, Target Pose: X: 0, Y: 0, Z: 0, Yaw: 0, Velocity_out: X: -0.0107254, Y: -0.170566, Z: 1.95691, Velocity_in: X: -0.00254145, Y: 0.00016975, Z: 0.00914878, Error: X: -0.0107254, Y: -0.170566, Z: 1.95691, 
Current Pose: X: 0.0107484, Y: 0.17054, Z: -1.95674, Yaw: 1.82527, Target Pose: X: 0, Y: 0, Z: 0, Yaw: 0, Velocity_out: X: -0.0107484, Y: -0.17054, Z: 1.95674, Velocity_in: X: -0.00249027, Y: 0.000120638, Z: 0.00900116, Error: X: -0.0107484, Y: -0.17054, Z: 1.95674, 
Current Pose: X: 0.0107839, Y: 0.170499, Z: -1.95642, Yaw: 1.82527, Target Pose: X: 0, Y: 0, Z: 0, Yaw: 0, Velocity_out: X: -0.0107839, Y: -0.170499, Z: 1.95642, Velocity_in: X: -0.00254803, Y: 8.03331e-06, Z: 0.00909273, Error: X: -0.0107839, Y: -0.170499, Z: 1.95642, 
Current Pose: X: 0.0108034, Y: 0.170476, Z: -1.95641, Yaw: 1.82526, Target Pose: X: 0, Y: 0, Z: 0, Yaw: 0, Velocity_out: X: -0.0108034, Y: -0.170476, Z: 1.95641, Velocity_in: X: -0.00260659, Y: 6.60492e-06, Z: 0.00918196, Error: X: -0.0108034, Y: -0.170476, Z: 1.95641, 
Current Pose: X: 0.0108259, Y: 0.170454, Z: -1.95634, Yaw: 1.82525, Target Pose: X: 0, Y: 0, Z: 0, Yaw: 0, Velocity_out: X: -0.0108259, Y: -0.170454, Z: 1.95634, Velocity_in: X: -0.00258494, Y: 2.02321e-06, Z: 0.00916076, Error: X: -0.0108259, Y: -0.170454, Z: 1.95634, 
Current Pose: X: 0.0108541, Y: 0.170426, Z: -1.95626, Yaw: 1.82525, Target Pose: X: 0, Y: 0, Z: 0, Yaw: 0, Velocity_out: X: -0.0108541, Y: -0.170426, Z: 1.95626, Velocity_in: X: -0.00257195, Y: -0.00015452, Z: 0.00918903, Error: X: -0.0108541, Y: -0.170426, Z: 1.95626, 
Current Pose: X: 0.0108635, Y: 0.170404, Z: -1.95626, Yaw: 1.82524, Target Pose: X: 0, Y: 0, Z: 0, Yaw: 0, Velocity_out: X: -0.0108635, Y: -0.170404, Z: 1.95626, Velocity_in: X: -0.00256177, Y: -0.000114538, Z: 0.00912283, Error: X: -0.0108635, Y: -0.170404, Z: 1.95626, 
Current Pose: X: 0.0108762, Y: 0.170385, Z: -1.95626, Yaw: 1.82524, Target Pose: X: 0, Y: 0, Z: 0, Yaw: 0, Velocity_out: X: -0.0108762, Y: -0.170385, Z: 1.95626, Velocity_in: X: -0.00250974, Y: -0.000164008, Z: 0.00900322, Error: X: -0.0108762, Y: -0.170385, Z: 1.95626, 
Current Pose: X: 0.0108974, Y: 0.170363, Z: -1.95615, Yaw: 1.82524, Target Pose: X: 0, Y: 0, Z: 0, Yaw: 0, Velocity_out: X: -0.0108974, Y: -0.170363, Z: 1.95615, Velocity_in: X: -0.00245328, Y: -0.000258595, Z: 0.00887151, Error: X: -0.0108974, Y: -0.170363, Z: 1.95615, 
Current Pose: X: 0.0109158, Y: 0.170347, Z: -1.95604, Yaw: 1.82524, Target Pose: X: 0, Y: 0, Z: 0, Yaw: 0, Velocity_out: X: -0.0109158, Y: -0.170347, Z: 1.95604, Velocity_in: X: -0.00241404, Y: -0.000349233, Z: 0.00889899, Error: X: -0.0109158, Y: -0.170347, Z: 1.95604, 
Current Pose: X: 0.0109345, Y: 0.170331, Z: -1.95591, Yaw: 1.82523, Target Pose: X: 0, Y: 0, Z: 0, Yaw: 0, Velocity_out: X: -0.0109345, Y: -0.170331, Z: 1.95591, Velocity_in: X: -0.00237055, Y: -0.000320102, Z: 0.00890971, Error: X: -0.0109345, Y: -0.170331, Z: 1.95591, 
Current Pose: X: 0.0109526, Y: 0.17032, Z: -1.95587, Yaw: 1.82523, Target Pose: X: 0, Y: 0, Z: 0, Yaw: 0, Velocity_out: X: -0.0109526, Y: -0.17032, Z: 1.95587, Velocity_in: X: -0.00234769, Y: -0.000504338, Z: 0.00897426, Error: X: -0.0109526, Y: -0.17032, Z: 1.95587, 
Current Pose: X: 0.0109734, Y: 0.170306, Z: -1.95585, Yaw: 1.82523, Target Pose: X: 0, Y: 0, Z: 0, Yaw: 0, Velocity_out: X: -0.0109734, Y: -0.170306, Z: 1.95585, Velocity_in: X: -0.00221827, Y: -0.000486437, Z: 0.00887107, Error: X: -0.0109734, Y: -0.170306, Z: 1.95585, 
Current Pose: X: 0.0109853, Y: 0.170299, Z: -1.95593, Yaw: 1.82523, Target Pose: X: 0, Y: 0, Z: 0, Yaw: 0, Velocity_out: X: -0.0109853, Y: -0.170299, Z: 1.95593, Velocity_in: X: -0.00222663, Y: -0.00045547, Z: 0.00878624, Error: X: -0.0109853, Y: -0.170299, Z: 1.95593, 
Current Pose: X: 0.0109959, Y: 0.170292, Z: -1.95598, Yaw: 1.82523, Target Pose: X: 0, Y: 0, Z: 0, Yaw: 0, Velocity_out: X: -0.0109959, Y: -0.170292, Z: 1.95598, Velocity_in: X: -0.00221801, Y: -0.000427691, Z: 0.00873321, Error: X: -0.0109959, Y: -0.170292, Z: 1.95598, 
Current Pose: X: 0.0110068, Y: 0.17028, Z: -1.95599, Yaw: 1.82523, Target Pose: X: 0, Y: 0, Z: 0, Yaw: 0, Velocity_out: X: -0.0110068, Y: -0.17028, Z: 1.95599, Velocity_in: X: -0.00217718, Y: -0.000340663, Z: 0.00878154, Error: X: -0.0110068, Y: -0.17028, Z: 1.95599, 
Current Pose: X: 0.011017, Y: 0.170267, Z: -1.95586, Yaw: 1.82521, Target Pose: X: 0, Y: 0, Z: 0, Yaw: 0, Velocity_out: X: -0.011017, Y: -0.170267, Z: 1.95586, Velocity_in: X: -0.00211081, Y: -0.000337849, Z: 0.00893809, Error: X: -0.011017, Y: -0.170267, Z: 1.95586, 
Current Pose: X: 0.0110231, Y: 0.170257, Z: -1.9558, Yaw: 1.82522, Target Pose: X: 0, Y: 0, Z: 0, Yaw: 0, Velocity_out: X: -0.0110231, Y: -0.170257, Z: 1.9558, Velocity_in: X: -0.00210068, Y: -0.000286803, Z: 0.0089695, Error: X: -0.0110231, Y: -0.170257, Z: 1.9558, 
Current Pose: X: 0.0110299, Y: 0.170239, Z: -1.95573, Yaw: 1.82521, Target Pose: X: 0, Y: 0, Z: 0, Yaw: 0, Velocity_out: X: -0.0110299, Y: -0.170239, Z: 1.95573, Velocity_in: X: -0.00211886, Y: -0.000238994, Z: 0.00907872, Error: X: -0.0110299, Y: -0.170239, Z: 1.95573, 
Current Pose: X: 0.0110363, Y: 0.170225, Z: -1.95556, Yaw: 1.82521, Target Pose: X: 0, Y: 0, Z: 0, Yaw: 0, Velocity_out: X: -0.0110363, Y: -0.170225, Z: 1.95556, Velocity_in: X: -0.00207461, Y: -0.00025481, Z: 0.00918675, Error: X: -0.0110363, Y: -0.170225, Z: 1.95556, 
Current Pose: X: 0.0110445, Y: 0.170204, Z: -1.95534, Yaw: 1.8252, Target Pose: X: 0, Y: 0, Z: 0, Yaw: 0, Velocity_out: X: -0.0110445, Y: -0.170204, Z: 1.95534, Velocity_in: X: -0.00210646, Y: -0.000223797, Z: 0.00926485, Error: X: -0.0110445, Y: -0.170204, Z: 1.95534, 
Current Pose: X: 0.0110543, Y: 0.170178, Z: -1.95508, Yaw: 1.82519, Target Pose: X: 0, Y: 0, Z: 0, Yaw: 0, Velocity_out: X: -0.0110543, Y: -0.170178, Z: 1.95508, Velocity_in: X: -0.00228388, Y: -0.000206329, Z: 0.00931015, Error: X: -0.0110543, Y: -0.170178, Z: 1.95508, 
Current Pose: X: 0.0110683, Y: 0.170136, Z: -1.95478, Yaw: 1.82519, Target Pose: X: 0, Y: 0, Z: 0, Yaw: 0, Velocity_out: X: -0.0110683, Y: -0.170136, Z: 1.95478, Velocity_in: X: -0.0022998, Y: -0.000181369, Z: 0.00937271, Error: X: -0.0110683, Y: -0.170136, Z: 1.95478, 
Current Pose: X: 0.0110777, Y: 0.170099, Z: -1.95484, Yaw: 1.82518, Target Pose: X: 0, Y: 0, Z: 0, Yaw: 0, Velocity_out: X: -0.0110777, Y: -0.170099, Z: 1.95484, Velocity_in: X: -0.00241432, Y: -0.000258784, Z: 0.00942772, Error: X: -0.0110777, Y: -0.170099, Z: 1.95484, 
Current Pose: X: 0.0110868, Y: 0.170065, Z: -1.95492, Yaw: 1.82517, Target Pose: X: 0, Y: 0, Z: 0, Yaw: 0, Velocity_out: X: -0.0110868, Y: -0.170065, Z: 1.95492, Velocity_in: X: -0.00258787, Y: -0.000299011, Z: 0.00936869, Error: X: -0.0110868, Y: -0.170065, Z: 1.95492, 
Current Pose: X: 0.0111048, Y: 0.170015, Z: -1.95498, Yaw: 1.82516, Target Pose: X: 0, Y: 0, Z: 0, Yaw: 0, Velocity_out: X: -0.0111048, Y: -0.170015, Z: 1.95498, Velocity_in: X: -0.00248636, Y: -0.000386398, Z: 0.00934972, Error: X: -0.0111048, Y: -0.170015, Z: 1.95498, 
Current Pose: X: 0.0111184, Y: 0.169979, Z: -1.95502, Yaw: 1.82517, Target Pose: X: 0, Y: 0, Z: 0, Yaw: 0, Velocity_out: X: -0.0111184, Y: -0.169979, Z: 1.95502, Velocity_in: X: -0.00256999, Y: -0.000374554, Z: 0.00956396, Error: X: -0.0111184, Y: -0.169979, Z: 1.95502, 
Current Pose: X: 0.0111282, Y: 0.16995, Z: -1.95504, Yaw: 1.82516, Target Pose: X: 0, Y: 0, Z: 0, Yaw: 0, Velocity_out: X: -0.0111282, Y: -0.16995, Z: 1.95504, Velocity_in: X: -0.00259713, Y: -0.000360701, Z: 0.0094678, Error: X: -0.0111282, Y: -0.16995, Z: 1.95504, 
Current Pose: X: 0.0111331, Y: 0.169925, Z: -1.95505, Yaw: 1.82516, Target Pose: X: 0, Y: 0, Z: 0, Yaw: 0, Velocity_out: X: -0.0111331, Y: -0.169925, Z: 1.95505, Velocity_in: X: -0.00253905, Y: -0.000260003, Z: 0.0094695, Error: X: -0.0111331, Y: -0.169925, Z: 1.95505, 
Current Pose: X: 0.0111267, Y: 0.169911, Z: -1.95527, Yaw: 1.82516, Target Pose: X: 0, Y: 0, Z: 0, Yaw: 0, Velocity_out: X: -0.0111267, Y: -0.169911, Z: 1.95527, Velocity_in: X: -0.002337, Y: -7.65944e-05, Z: 0.00946128, Error: X: -0.0111267, Y: -0.169911, Z: 1.95527, 
Current Pose: X: 0.0111151, Y: 0.1699, Z: -1.95551, Yaw: 1.82517, Target Pose: X: 0, Y: 0, Z: 0, Yaw: 0, Velocity_out: X: -0.0111151, Y: -0.1699, Z: 1.95551, Velocity_in: X: -0.00229671, Y: 6.23721e-06, Z: 0.00929989, Error: X: -0.0111151, Y: -0.1699, Z: 1.95551, 
Current Pose: X: 0.0111034, Y: 0.169891, Z: -1.95575, Yaw: 1.82517, Target Pose: X: 0, Y: 0, Z: 0, Yaw: 0, Velocity_out: X: -0.0111034, Y: -0.169891, Z: 1.95575, Velocity_in: X: -0.00223456, Y: 8.03612e-05, Z: 0.00936975, Error: X: -0.0111034, Y: -0.169891, Z: 1.95575, 
Current Pose: X: 0.0110853, Y: 0.169878, Z: -1.95596, Yaw: 1.82516, Target Pose: X: 0, Y: 0, Z: 0, Yaw: 0, Velocity_out: X: -0.0110853, Y: -0.169878, Z: 1.95596, Velocity_in: X: -0.00220711, Y: 6.67844e-05, Z: 0.00933046, Error: X: -0.0110853, Y: -0.169878, Z: 1.95596, 
Current Pose: X: 0.0110712, Y: 0.169872, Z: -1.95604, Yaw: 1.82517, Target Pose: X: 0, Y: 0, Z: 0, Yaw: 0, Velocity_out: X: -0.0110712, Y: -0.169872, Z: 1.95604, Velocity_in: X: -0.00206942, Y: 0.000171486, Z: 0.00934854, Error: X: -0.0110712, Y: -0.169872, Z: 1.95604, 
Current Pose: X: 0.0110547, Y: 0.169863, Z: -1.95595, Yaw: 1.82515, Target Pose: X: 0, Y: 0, Z: 0, Yaw: 0, Velocity_out: X: -0.0110547, Y: -0.169863, Z: 1.95595, Velocity_in: X: -0.00196115, Y: 0.000218261, Z: 0.00936802, Error: X: -0.0110547, Y: -0.169863, Z: 1.95595, 
Current Pose: X: 0.0110402, Y: 0.169861, Z: -1.95586, Yaw: 1.82516, Target Pose: X: 0, Y: 0, Z: 0, Yaw: 0, Velocity_out: X: -0.0110402, Y: -0.169861, Z: 1.95586, Velocity_in: X: -0.00179939, Y: 0.00025377, Z: 0.00950368, Error: X: -0.0110402, Y: -0.169861, Z: 1.95586, 
Current Pose: X: 0.0110254, Y: 0.169852, Z: -1.95571, Yaw: 1.82516, Target Pose: X: 0, Y: 0, Z: 0, Yaw: 0, Velocity_out: X: -0.0110254, Y: -0.169852, Z: 1.95571, Velocity_in: X: -0.00176086, Y: 0.000388269, Z: 0.0095165, Error: X: -0.0110254, Y: -0.169852, Z: 1.95571, 
Current Pose: X: 0.0110089, Y: 0.169843, Z: -1.95556, Yaw: 1.82515, Target Pose: X: 0, Y: 0, Z: 0, Yaw: 0, Velocity_out: X: -0.0110089, Y: -0.169843, Z: 1.95556, Velocity_in: X: -0.00177867, Y: 0.000505978, Z: 0.00943483, Error: X: -0.0110089, Y: -0.169843, Z: 1.95556, 
Current Pose: X: 0.0109809, Y: 0.169831, Z: -1.95537, Yaw: 1.82515, Target Pose: X: 0, Y: 0, Z: 0, Yaw: 0, Velocity_out: X: -0.0109809, Y: -0.169831, Z: 1.95537, Velocity_in: X: -0.00175708, Y: 0.000581189, Z: 0.00931595, Error: X: -0.0109809, Y: -0.169831, Z: 1.95537, 
Current Pose: X: 0.0109547, Y: 0.169825, Z: -1.95528, Yaw: 1.82516, Target Pose: X: 0, Y: 0, Z: 0, Yaw: 0, Velocity_out: X: -0.0109547, Y: -0.169825, Z: 1.95528, Velocity_in: X: -0.00158207, Y: 0.000870465, Z: 0.00937137, Error: X: -0.0109547, Y: -0.169825, Z: 1.95528, 
Current Pose: X: 0.0109299, Y: 0.169814, Z: -1.95512, Yaw: 1.82516, Target Pose: X: 0, Y: 0, Z: 0, Yaw: 0, Velocity_out: X: -0.0109299, Y: -0.169814, Z: 1.95512, Velocity_in: X: -0.00155355, Y: 0.000902693, Z: 0.00951925, Error: X: -0.0109299, Y: -0.169814, Z: 1.95512, 
Current Pose: X: 0.0109081, Y: 0.169799, Z: -1.95495, Yaw: 1.82516, Target Pose: X: 0, Y: 0, Z: 0, Yaw: 0, Velocity_out: X: -0.0109081, Y: -0.169799, Z: 1.95495, Velocity_in: X: -0.00162692, Y: 0.000947404, Z: 0.00953203, Error: X: -0.0109081, Y: -0.169799, Z: 1.95495, 
Current Pose: X: 0.0108819, Y: 0.169779, Z: -1.95474, Yaw: 1.82515, Target Pose: X: 0, Y: 0, Z: 0, Yaw: 0, Velocity_out: X: -0.0108819, Y: -0.169779, Z: 1.95474, Velocity_in: X: -0.00166652, Y: 0.000940456, Z: 0.00953714, Error: X: -0.0108819, Y: -0.169779, Z: 1.95474, 
Current Pose: X: 0.0108636, Y: 0.169761, Z: -1.95457, Yaw: 1.82515, Target Pose: X: 0, Y: 0, Z: 0, Yaw: 0, Velocity_out: X: -0.0108636, Y: -0.169761, Z: 1.95457, Velocity_in: X: -0.00165118, Y: 0.000945252, Z: 0.00953022, Error: X: -0.0108636, Y: -0.169761, Z: 1.95457, 
Current Pose: X: 0.0108424, Y: 0.169742, Z: -1.95437, Yaw: 1.82516, Target Pose: X: 0, Y: 0, Z: 0, Yaw: 0, Velocity_out: X: -0.0108424, Y: -0.169742, Z: 1.95437, Velocity_in: X: -0.00162415, Y: 0.000987805, Z: 0.00961732, Error: X: -0.0108424, Y: -0.169742, Z: 1.95437, 
Current Pose: X: 0.0108297, Y: 0.169722, Z: -1.95414, Yaw: 1.82516, Target Pose: X: 0, Y: 0, Z: 0, Yaw: 0, Velocity_out: X: -0.0108297, Y: -0.169722, Z: 1.95414, Velocity_in: X: -0.00159109, Y: 0.00101791, Z: 0.00959978, Error: X: -0.0108297, Y: -0.169722, Z: 1.95414, 
Current Pose: X: 0.0108203, Y: 0.169701, Z: -1.95386, Yaw: 1.82515, Target Pose: X: 0, Y: 0, Z: 0, Yaw: 0, Velocity_out: X: -0.0108203, Y: -0.169701, Z: 1.95386, Velocity_in: X: -0.00157739, Y: 0.00104783, Z: 0.00979367, Error: X: -0.0108203, Y: -0.169701, Z: 1.95386, 
Current Pose: X: 0.0108153, Y: 0.169678, Z: -1.95368, Yaw: 1.82515, Target Pose: X: 0, Y: 0, Z: 0, Yaw: 0, Velocity_out: X: -0.0108153, Y: -0.169678, Z: 1.95368, Velocity_in: X: -0.0016716, Y: 0.000996327, Z: 0.00993351, Error: X: -0.0108153, Y: -0.169678, Z: 1.95368, 
Current Pose: X: 0.0108163, Y: 0.169647, Z: -1.95347, Yaw: 1.82514, Target Pose: X: 0, Y: 0, Z: 0, Yaw: 0, Velocity_out: X: -0.0108163, Y: -0.169647, Z: 1.95347, Velocity_in: X: -0.00175833, Y: 0.000876076, Z: 0.0100046, Error: X: -0.0108163, Y: -0.169647, Z: 1.95347, 
Current Pose: X: 0.0108268, Y: 0.169621, Z: -1.95321, Yaw: 1.82514, Target Pose: X: 0, Y: 0, Z: 0, Yaw: 0, Velocity_out: X: -0.0108268, Y: -0.169621, Z: 1.95321, Velocity_in: X: -0.00176716, Y: 0.000720558, Z: 0.0100527, Error: X: -0.0108268, Y: -0.169621, Z: 1.95321, 
Current Pose: X: 0.0108404, Y: 0.169595, Z: -1.9529, Yaw: 1.82513, Target Pose: X: 0, Y: 0, Z: 0, Yaw: 0, Velocity_out: X: -0.0108404, Y: -0.169595, Z: 1.9529, Velocity_in: X: -0.0018577, Y: 0.000677786, Z: 0.010035, Error: X: -0.0108404, Y: -0.169595, Z: 1.9529, 
Current Pose: X: 0.0108617, Y: 0.169562, Z: -1.9525, Yaw: 1.82514, Target Pose: X: 0, Y: 0, Z: 0, Yaw: 0, Velocity_out: X: -0.0108617, Y: -0.169562, Z: 1.9525, Velocity_in: X: -0.0017424, Y: 0.000644343, Z: 0.0101816, Error: X: -0.0108617, Y: -0.169562, Z: 1.9525, 
Current Pose: X: 0.0108795, Y: 0.169536, Z: -1.95228, Yaw: 1.82513, Target Pose: X: 0, Y: 0, Z: 0, Yaw: 0, Velocity_out: X: -0.0108795, Y: -0.169536, Z: 1.95228, Velocity_in: X: -0.00178833, Y: 0.000599102, Z: 0.0103228, Error: X: -0.0108795, Y: -0.169536, Z: 1.95228, 
Current Pose: X: 0.0108991, Y: 0.169513, Z: -1.95211, Yaw: 1.82512, Target Pose: X: 0, Y: 0, Z: 0, Yaw: 0, Velocity_out: X: -0.0108991, Y: -0.169513, Z: 1.95211, Velocity_in: X: -0.00185684, Y: 0.000566323, Z: 0.0102816, Error: X: -0.0108991, Y: -0.169513, Z: 1.95211, 
Current Pose: X: 0.0109178, Y: 0.169492, Z: -1.95202, Yaw: 1.82511, Target Pose: X: 0, Y: 0, Z: 0, Yaw: 0, Velocity_out: X: -0.0109178, Y: -0.169492, Z: 1.95202, Velocity_in: X: -0.00187462, Y: 0.000510977, Z: 0.0103042, Error: X: -0.0109178, Y: -0.169492, Z: 1.95202, 
Current Pose: X: 0.0109468, Y: 0.169469, Z: -1.95201, Yaw: 1.82512, Target Pose: X: 0, Y: 0, Z: 0, Yaw: 0, Velocity_out: X: -0.0109468, Y: -0.169469, Z: 1.95201, Velocity_in: X: -0.00179392, Y: 0.000386467, Z: 0.0104668, Error: X: -0.0109468, Y: -0.169469, Z: 1.95201, 
Current Pose: X: 0.0109697, Y: 0.169451, Z: -1.95202, Yaw: 1.8251, Target Pose: X: 0, Y: 0, Z: 0, Yaw: 0, Velocity_out: X: -0.0109697, Y: -0.169451, Z: 1.95202, Velocity_in: X: -0.00183748, Y: 0.000235368, Z: 0.0104387, Error: X: -0.0109697, Y: -0.169451, Z: 1.95202, 
Current Pose: X: 0.0109928, Y: 0.169432, Z: -1.95206, Yaw: 1.82509, Target Pose: X: 0, Y: 0, Z: 0, Yaw: 0, Velocity_out: X: -0.0109928, Y: -0.169432, Z: 1.95206, Velocity_in: X: -0.00193379, Y: 0.000243394, Z: 0.0103572, Error: X: -0.0109928, Y: -0.169432, Z: 1.95206, 
Current Pose: X: 0.0110236, Y: 0.169409, Z: -1.95209, Yaw: 1.82509, Target Pose: X: 0, Y: 0, Z: 0, Yaw: 0, Velocity_out: X: -0.0110236, Y: -0.169409, Z: 1.95209, Velocity_in: X: -0.00185891, Y: 0.000225738, Z: 0.0102414, Error: X: -0.0110236, Y: -0.169409, Z: 1.95209, 
Current Pose: X: 0.0110449, Y: 0.169394, Z: -1.95215, Yaw: 1.82509, Target Pose: X: 0, Y: 0, Z: 0, Yaw: 0, Velocity_out: X: -0.0110449, Y: -0.169394, Z: 1.95215, Velocity_in: X: -0.00179702, Y: 0.000206149, Z: 0.010138, Error: X: -0.0110449, Y: -0.169394, Z: 1.95215, 
Current Pose: X: 0.0110628, Y: 0.169382, Z: -1.95228, Yaw: 1.82508, Target Pose: X: 0, Y: 0, Z: 0, Yaw: 0, Velocity_out: X: -0.0110628, Y: -0.169382, Z: 1.95228, Velocity_in: X: -0.00175632, Y: 0.000173212, Z: 0.010088, Error: X: -0.0110628, Y: -0.169382, Z: 1.95228, 
Current Pose: X: 0.0110826, Y: 0.169362, Z: -1.9524, Yaw: 1.82509, Target Pose: X: 0, Y: 0, Z: 0, Yaw: 0, Velocity_out: X: -0.0110826, Y: -0.169362, Z: 1.9524, Velocity_in: X: -0.00176155, Y: 0.000285523, Z: 0.00998838, Error: X: -0.0110826, Y: -0.169362, Z: 1.9524, 
Current Pose: X: 0.0110942, Y: 0.169349, Z: -1.95246, Yaw: 1.82508, Target Pose: X: 0, Y: 0, Z: 0, Yaw: 0, Velocity_out: X: -0.0110942, Y: -0.169349, Z: 1.95246, Velocity_in: X: -0.00179313, Y: 0.000302919, Z: 0.00982913, Error: X: -0.0110942, Y: -0.169349, Z: 1.95246, 
Current Pose: X: 0.0111041, Y: 0.169335, Z: -1.95248, Yaw: 1.82508, Target Pose: X: 0, Y: 0, Z: 0, Yaw: 0, Velocity_out: X: -0.0111041, Y: -0.169335, Z: 1.95248, Velocity_in: X: -0.00163926, Y: 0.000451149, Z: 0.00975727, Error: X: -0.0111041, Y: -0.169335, Z: 1.95248, 
Current Pose: X: 0.0111165, Y: 0.169318, Z: -1.95246, Yaw: 1.82507, Target Pose: X: 0, Y: 0, Z: 0, Yaw: 0, Velocity_out: X: -0.0111165, Y: -0.169318, Z: 1.95246, Velocity_in: X: -0.0015664, Y: 0.000391617, Z: 0.00981928, Error: X: -0.0111165, Y: -0.169318, Z: 1.95246, 
Current Pose: X: 0.0111217, Y: 0.169307, Z: -1.95251, Yaw: 1.82506, Target Pose: X: 0, Y: 0, Z: 0, Yaw: 0, Velocity_out: X: -0.0111217, Y: -0.169307, Z: 1.95251, Velocity_in: X: -0.00158346, Y: 0.000376401, Z: 0.00985814, Error: X: -0.0111217, Y: -0.169307, Z: 1.95251, 
Current Pose: X: 0.0111223, Y: 0.169301, Z: -1.95265, Yaw: 1.82505, Target Pose: X: 0, Y: 0, Z: 0, Yaw: 0, Velocity_out: X: -0.0111223, Y: -0.169301, Z: 1.95265, Velocity_in: X: -0.00147154, Y: 0.000464803, Z: 0.0097835, Error: X: -0.0111223, Y: -0.169301, Z: 1.95265, 
Current Pose: X: 0.0111243, Y: 0.169292, Z: -1.95277, Yaw: 1.82504, Target Pose: X: 0, Y: 0, Z: 0, Yaw: 0, Velocity_out: X: -0.0111243, Y: -0.169292, Z: 1.95277, Velocity_in: X: -0.00153328, Y: 0.000493194, Z: 0.00963814, Error: X: -0.0111243, Y: -0.169292, Z: 1.95277, 
Current Pose: X: 0.0111286, Y: 0.16928, Z: -1.9529, Yaw: 1.82504, Target Pose: X: 0, Y: 0, Z: 0, Yaw: 0, Velocity_out: X: -0.0111286, Y: -0.16928, Z: 1.9529, Velocity_in: X: -0.00150334, Y: 0.000435227, Z: 0.00950221, Error: X: -0.0111286, Y: -0.16928, Z: 1.9529, 
Current Pose: X: 0.0111338, Y: 0.169271, Z: -1.95296, Yaw: 1.82503, Target Pose: X: 0, Y: 0, Z: 0, Yaw: 0, Velocity_out: X: -0.0111338, Y: -0.169271, Z: 1.95296, Velocity_in: X: -0.0014265, Y: 0.000389019, Z: 0.00946338, Error: X: -0.0111338, Y: -0.169271, Z: 1.95296, 
Current Pose: X: 0.011142, Y: 0.169256, Z: -1.953, Yaw: 1.82503, Target Pose: X: 0, Y: 0, Z: 0, Yaw: 0, Velocity_out: X: -0.011142, Y: -0.169256, Z: 1.953, Velocity_in: X: -0.00154063, Y: 0.00036879, Z: 0.00938437, Error: X: -0.011142, Y: -0.169256, Z: 1.953, 
Current Pose: X: 0.0111514, Y: 0.169247, Z: -1.95306, Yaw: 1.82502, Target Pose: X: 0, Y: 0, Z: 0, Yaw: 0, Velocity_out: X: -0.0111514, Y: -0.169247, Z: 1.95306, Velocity_in: X: -0.00155409, Y: 0.00034421, Z: 0.00927985, Error: X: -0.0111514, Y: -0.169247, Z: 1.95306, 
Current Pose: X: 0.0111542, Y: 0.169254, Z: -1.95318, Yaw: 1.82503, Target Pose: X: 0, Y: 0, Z: 0, Yaw: 0, Velocity_out: X: -0.0111542, Y: -0.169254, Z: 1.95318, Velocity_in: X: -0.00141949, Y: 0.000311385, Z: 0.00926339, Error: X: -0.0111542, Y: -0.169254, Z: 1.95318, 
Current Pose: X: 0.0111611, Y: 0.169259, Z: -1.95333, Yaw: 1.82501, Target Pose: X: 0, Y: 0, Z: 0, Yaw: 0, Velocity_out: X: -0.0111611, Y: -0.169259, Z: 1.95333, Velocity_in: X: -0.00133285, Y: 0.000249649, Z: 0.00931742, Error: X: -0.0111611, Y: -0.169259, Z: 1.95333, 
Current Pose: X: 0.011194, Y: 0.16923, Z: -1.95323, Yaw: 1.82501, Target Pose: X: 0, Y: 0, Z: 0, Yaw: 0, Velocity_out: X: -0.011194, Y: -0.16923, Z: 1.95323, Velocity_in: X: -0.00123049, Y: 5.2158e-05, Z: 0.00926062, Error: X: -0.011194, Y: -0.16923, Z: 1.95323, 
Current Pose: X: 0.0112239, Y: 0.169206, Z: -1.95297, Yaw: 1.82501, Target Pose: X: 0, Y: 0, Z: 0, Yaw: 0, Velocity_out: X: -0.0112239, Y: -0.169206, Z: 1.95297, Velocity_in: X: -0.00138804, Y: -7.57072e-05, Z: 0.00939954, Error: X: -0.0112239, Y: -0.169206, Z: 1.95297, 
Current Pose: X: 0.0112526, Y: 0.169178, Z: -1.95275, Yaw: 1.82501, Target Pose: X: 0, Y: 0, Z: 0, Yaw: 0, Velocity_out: X: -0.0112526, Y: -0.169178, Z: 1.95275, Velocity_in: X: -0.00143277, Y: -8.46504e-05, Z: 0.00958767, Error: X: -0.0112526, Y: -0.169178, Z: 1.95275, 
Current Pose: X: 0.0112757, Y: 0.169167, Z: -1.95253, Yaw: 1.82501, Target Pose: X: 0, Y: 0, Z: 0, Yaw: 0, Velocity_out: X: -0.0112757, Y: -0.169167, Z: 1.95253, Velocity_in: X: -0.00140771, Y: 9.21249e-06, Z: 0.00959305, Error: X: -0.0112757, Y: -0.169167, Z: 1.95253, 
Current Pose: X: 0.0112971, Y: 0.169158, Z: -1.95245, Yaw: 1.82501, Target Pose: X: 0, Y: 0, Z: 0, Yaw: 0, Velocity_out: X: -0.0112971, Y: -0.169158, Z: 1.95245, Velocity_in: X: -0.00141226, Y: -4.73336e-05, Z: 0.00965375, Error: X: -0.0112971, Y: -0.169158, Z: 1.95245, 
Current Pose: X: 0.0113112, Y: 0.169148, Z: -1.95235, Yaw: 1.82502, Target Pose: X: 0, Y: 0, Z: 0, Yaw: 0, Velocity_out: X: -0.0113112, Y: -0.169148, Z: 1.95235, Velocity_in: X: -0.00125936, Y: 9.41403e-05, Z: 0.00954798, Error: X: -0.0113112, Y: -0.169148, Z: 1.95235, 
Current Pose: X: 0.0113224, Y: 0.169137, Z: -1.9522, Yaw: 1.82502, Target Pose: X: 0, Y: 0, Z: 0, Yaw: 0, Velocity_out: X: -0.0113224, Y: -0.169137, Z: 1.9522, Velocity_in: X: -0.00126581, Y: 0.000184665, Z: 0.00951469, Error: X: -0.0113224, Y: -0.169137, Z: 1.9522, 
Current Pose: X: 0.0113366, Y: 0.169112, Z: -1.952, Yaw: 1.82502, Target Pose: X: 0, Y: 0, Z: 0, Yaw: 0, Velocity_out: X: -0.0113366, Y: -0.169112, Z: 1.952, Velocity_in: X: -0.00126059, Y: 0.000243104, Z: 0.00950566, Error: X: -0.0113366, Y: -0.169112, Z: 1.952, 
Current Pose: X: 0.011348, Y: 0.169078, Z: -1.95181, Yaw: 1.82503, Target Pose: X: 0, Y: 0, Z: 0, Yaw: 0, Velocity_out: X: -0.011348, Y: -0.169078, Z: 1.95181, Velocity_in: X: -0.00150269, Y: 0.000317203, Z: 0.0094601, Error: X: -0.011348, Y: -0.169078, Z: 1.95181, 
Current Pose: X: 0.0113586, Y: 0.169037, Z: -1.95154, Yaw: 1.82501, Target Pose: X: 0, Y: 0, Z: 0, Yaw: 0, Velocity_out: X: -0.0113586, Y: -0.169037, Z: 1.95154, Velocity_in: X: -0.00153498, Y: 0.00037326, Z: 0.00945874, Error: X: -0.0113586, Y: -0.169037, Z: 1.95154, 
Current Pose: X: 0.011356, Y: 0.168989, Z: -1.95143, Yaw: 1.82501, Target Pose: X: 0, Y: 0, Z: 0, Yaw: 0, Velocity_out: X: -0.011356, Y: -0.168989, Z: 1.95143, Velocity_in: X: -0.00158348, Y: 0.000547914, Z: 0.0094641, Error: X: -0.011356, Y: -0.168989, Z: 1.95143, 
Current Pose: X: 0.0113479, Y: 0.168967, Z: -1.95132, Yaw: 1.82499, Target Pose: X: 0, Y: 0, Z: 0, Yaw: 0, Velocity_out: X: -0.0113479, Y: -0.168967, Z: 1.95132, Velocity_in: X: -0.00154301, Y: 0.000705243, Z: 0.00934367, Error: X: -0.0113479, Y: -0.168967, Z: 1.95132, 
Current Pose: X: 0.0113404, Y: 0.168945, Z: -1.95109, Yaw: 1.825, Target Pose: X: 0, Y: 0, Z: 0, Yaw: 0, Velocity_out: X: -0.0113404, Y: -0.168945, Z: 1.95109, Velocity_in: X: -0.00147138, Y: 0.000761993, Z: 0.00926295, Error: X: -0.0113404, Y: -0.168945, Z: 1.95109, 
Current Pose: X: 0.0113296, Y: 0.168917, Z: -1.95071, Yaw: 1.82499, Target Pose: X: 0, Y: 0, Z: 0, Yaw: 0, Velocity_out: X: -0.0113296, Y: -0.168917, Z: 1.95071, Velocity_in: X: -0.00132582, Y: 0.000845557, Z: 0.00927316, Error: X: -0.0113296, Y: -0.168917, Z: 1.95071, 
Current Pose: X: 0.0113227, Y: 0.168893, Z: -1.95038, Yaw: 1.82499, Target Pose: X: 0, Y: 0, Z: 0, Yaw: 0, Velocity_out: X: -0.0113227, Y: -0.168893, Z: 1.95038, Velocity_in: X: -0.00123476, Y: 0.00084654, Z: 0.0092275, Error: X: -0.0113227, Y: -0.168893, Z: 1.95038, 
Current Pose: X: 0.0113164, Y: 0.16887, Z: -1.95008, Yaw: 1.82499, Target Pose: X: 0, Y: 0, Z: 0, Yaw: 0, Velocity_out: X: -0.0113164, Y: -0.16887, Z: 1.95008, Velocity_in: X: -0.00131347, Y: 0.000893524, Z: 0.00924632, Error: X: -0.0113164, Y: -0.16887, Z: 1.95008, 
Current Pose: X: 0.0113092, Y: 0.168849, Z: -1.94995, Yaw: 1.82499, Target Pose: X: 0, Y: 0, Z: 0, Yaw: 0, Velocity_out: X: -0.0113092, Y: -0.168849, Z: 1.94995, Velocity_in: X: -0.00131811, Y: 0.000831295, Z: 0.00937605, Error: X: -0.0113092, Y: -0.168849, Z: 1.94995, 
Current Pose: X: 0.0113047, Y: 0.168823, Z: -1.94978, Yaw: 1.82497, Target Pose: X: 0, Y: 0, Z: 0, Yaw: 0, Velocity_out: X: -0.0113047, Y: -0.168823, Z: 1.94978, Velocity_in: X: -0.00143205, Y: 0.000792175, Z: 0.00931031, Error: X: -0.0113047, Y: -0.168823, Z: 1.94978, 
Current Pose: X: 0.0113075, Y: 0.168804, Z: -1.9496, Yaw: 1.82496, Target Pose: X: 0, Y: 0, Z: 0, Yaw: 0, Velocity_out: X: -0.0113075, Y: -0.168804, Z: 1.9496, Velocity_in: X: -0.0013181, Y: 0.000704222, Z: 0.00921475, Error: X: -0.0113075, Y: -0.168804, Z: 1.9496, 
Current Pose: X: 0.0113116, Y: 0.168774, Z: -1.94935, Yaw: 1.82495, Target Pose: X: 0, Y: 0, Z: 0, Yaw: 0, Velocity_out: X: -0.0113116, Y: -0.168774, Z: 1.94935, Velocity_in: X: -0.00139033, Y: 0.000655757, Z: 0.00926517, Error: X: -0.0113116, Y: -0.168774, Z: 1.94935, 
Current Pose: X: 0.0113173, Y: 0.16875, Z: -1.94921, Yaw: 1.82494, Target Pose: X: 0, Y: 0, Z: 0, Yaw: 0, Velocity_out: X: -0.0113173, Y: -0.16875, Z: 1.94921, Velocity_in: X: -0.00143418, Y: 0.000745218, Z: 0.00934018, Error: X: -0.0113173, Y: -0.16875, Z: 1.94921, 
Current Pose: X: 0.0113258, Y: 0.168729, Z: -1.94909, Yaw: 1.82494, Target Pose: X: 0, Y: 0, Z: 0, Yaw: 0, Velocity_out: X: -0.0113258, Y: -0.168729, Z: 1.94909, Velocity_in: X: -0.00141759, Y: 0.000621354, Z: 0.00942721, Error: X: -0.0113258, Y: -0.168729, Z: 1.94909, 
Current Pose: X: 0.0113323, Y: 0.168714, Z: -1.94913, Yaw: 1.82493, Target Pose: X: 0, Y: 0, Z: 0, Yaw: 0, Velocity_out: X: -0.0113323, Y: -0.168714, Z: 1.94913, Velocity_in: X: -0.00137226, Y: 0.000600846, Z: 0.00949555, Error: X: -0.0113323, Y: -0.168714, Z: 1.94913, 
Current Pose: X: 0.0113467, Y: 0.168692, Z: -1.94905, Yaw: 1.82493, Target Pose: X: 0, Y: 0, Z: 0, Yaw: 0, Velocity_out: X: -0.0113467, Y: -0.168692, Z: 1.94905, Velocity_in: X: -0.00132641, Y: 0.000511722, Z: 0.00939657, Error: X: -0.0113467, Y: -0.168692, Z: 1.94905, 
Current Pose: X: 0.0113601, Y: 0.168676, Z: -1.94893, Yaw: 1.82492, Target Pose: X: 0, Y: 0, Z: 0, Yaw: 0, Velocity_out: X: -0.0113601, Y: -0.168676, Z: 1.94893, Velocity_in: X: -0.0012674, Y: 0.000555071, Z: 0.00938077, Error: X: -0.0113601, Y: -0.168676, Z: 1.94893, 
Current Pose: X: 0.0113777, Y: 0.168657, Z: -1.94876, Yaw: 1.82491, Target Pose: X: 0, Y: 0, Z: 0, Yaw: 0, Velocity_out: X: -0.0113777, Y: -0.168657, Z: 1.94876, Velocity_in: X: -0.00126782, Y: 0.000433466, Z: 0.00955877, Error: X: -0.0113777, Y: -0.168657, Z: 1.94876, 
Current Pose: X: 0.01141, Y: 0.168645, Z: -1.94858, Yaw: 1.8249, Target Pose: X: 0, Y: 0, Z: 0, Yaw: 0, Velocity_out: X: -0.01141, Y: -0.168645, Z: 1.94858, Velocity_in: X: -0.0012135, Y: 0.000411899, Z: 0.00959567, Error: X: -0.01141, Y: -0.168645, Z: 1.94858, 
Current Pose: X: 0.0114591, Y: 0.168624, Z: -1.94835, Yaw: 1.82489, Target Pose: X: 0, Y: 0, Z: 0, Yaw: 0, Velocity_out: X: -0.0114591, Y: -0.168624, Z: 1.94835, Velocity_in: X: -0.00127361, Y: 0.000230133, Z: 0.00953322, Error: X: -0.0114591, Y: -0.168624, Z: 1.94835, 
Current Pose: X: 0.0114762, Y: 0.16861, Z: -1.94831, Yaw: 1.82488, Target Pose: X: 0, Y: 0, Z: 0, Yaw: 0, Velocity_out: X: -0.0114762, Y: -0.16861, Z: 1.94831, Velocity_in: X: -0.0012924, Y: -1.34335e-05, Z: 0.00953076, Error: X: -0.0114762, Y: -0.16861, Z: 1.94831, 
Current Pose: X: 0.0114963, Y: 0.168588, Z: -1.94823, Yaw: 1.82488, Target Pose: X: 0, Y: 0, Z: 0, Yaw: 0, Velocity_out: X: -0.0114963, Y: -0.168588, Z: 1.94823, Velocity_in: X: -0.0011875, Y: 0.000133128, Z: 0.00939996, Error: X: -0.0114963, Y: -0.168588, Z: 1.94823, 
Current Pose: X: 0.0115071, Y: 0.16857, Z: -1.94816, Yaw: 1.82487, Target Pose: X: 0, Y: 0, Z: 0, Yaw: 0, Velocity_out: X: -0.0115071, Y: -0.16857, Z: 1.94816, Velocity_in: X: -0.00127282, Y: 0.000248715, Z: 0.00937366, Error: X: -0.0115071, Y: -0.16857, Z: 1.94816, 
Current Pose: X: 0.0115179, Y: 0.168557, Z: -1.9481, Yaw: 1.82486, Target Pose: X: 0, Y: 0, Z: 0, Yaw: 0, Velocity_out: X: -0.0115179, Y: -0.168557, Z: 1.9481, Velocity_in: X: -0.00111103, Y: 0.000290332, Z: 0.00943451, Error: X: -0.0115179, Y: -0.168557, Z: 1.9481, 
Current Pose: X: 0.011526, Y: 0.16854, Z: -1.94801, Yaw: 1.82487, Target Pose: X: 0, Y: 0, Z: 0, Yaw: 0, Velocity_out: X: -0.011526, Y: -0.16854, Z: 1.94801, Velocity_in: X: -0.00103629, Y: 0.000291645, Z: 0.00951966, Error: X: -0.011526, Y: -0.16854, Z: 1.94801, 
Current Pose: X: 0.0115307, Y: 0.168518, Z: -1.94797, Yaw: 1.82486, Target Pose: X: 0, Y: 0, Z: 0, Yaw: 0, Velocity_out: X: -0.0115307, Y: -0.168518, Z: 1.94797, Velocity_in: X: -0.00105157, Y: 0.000383311, Z: 0.00963297, Error: X: -0.0115307, Y: -0.168518, Z: 1.94797, 
Current Pose: X: 0.0115295, Y: 0.168498, Z: -1.94802, Yaw: 1.82486, Target Pose: X: 0, Y: 0, Z: 0, Yaw: 0, Velocity_out: X: -0.0115295, Y: -0.168498, Z: 1.94802, Velocity_in: X: -0.00120485, Y: 0.000553831, Z: 0.00975266, Error: X: -0.0115295, Y: -0.168498, Z: 1.94802, 
Current Pose: X: 0.0115312, Y: 0.168478, Z: -1.94801, Yaw: 1.82486, Target Pose: X: 0, Y: 0, Z: 0, Yaw: 0, Velocity_out: X: -0.0115312, Y: -0.168478, Z: 1.94801, Velocity_in: X: -0.0012185, Y: 0.000498252, Z: 0.00979406, Error: X: -0.0115312, Y: -0.168478, Z: 1.94801, 
Current Pose: X: 0.0115338, Y: 0.168454, Z: -1.94794, Yaw: 1.82485, Target Pose: X: 0, Y: 0, Z: 0, Yaw: 0, Velocity_out: X: -0.0115338, Y: -0.168454, Z: 1.94794, Velocity_in: X: -0.00121619, Y: 0.000447315, Z: 0.00978204, Error: X: -0.0115338, Y: -0.168454, Z: 1.94794, 
Current Pose: X: 0.0115353, Y: 0.168414, Z: -1.94777, Yaw: 1.82484, Target Pose: X: 0, Y: 0, Z: 0, Yaw: 0, Velocity_out: X: -0.0115353, Y: -0.168414, Z: 1.94777, Velocity_in: X: -0.00130424, Y: 0.000546511, Z: 0.00974431, Error: X: -0.0115353, Y: -0.168414, Z: 1.94777, 
Current Pose: X: 0.0115403, Y: 0.16838, Z: -1.94755, Yaw: 1.82482, Target Pose: X: 0, Y: 0, Z: 0, Yaw: 0, Velocity_out: X: -0.0115403, Y: -0.16838, Z: 1.94755, Velocity_in: X: -0.00137341, Y: 0.000643051, Z: 0.00987221, Error: X: -0.0115403, Y: -0.16838, Z: 1.94755, 
Current Pose: X: 0.0115473, Y: 0.168346, Z: -1.94734, Yaw: 1.82484, Target Pose: X: 0, Y: 0, Z: 0, Yaw: 0, Velocity_out: X: -0.0115473, Y: -0.168346, Z: 1.94734, Velocity_in: X: -0.00137695, Y: 0.000551606, Z: 0.00987997, Error: X: -0.0115473, Y: -0.168346, Z: 1.94734, 
Current Pose: X: 0.0115489, Y: 0.168312, Z: -1.94729, Yaw: 1.82483, Target Pose: X: 0, Y: 0, Z: 0, Yaw: 0, Velocity_out: X: -0.0115489, Y: -0.168312, Z: 1.94729, Velocity_in: X: -0.00137029, Y: 0.000537137, Z: 0.00995902, Error: X: -0.0115489, Y: -0.168312, Z: 1.94729, 
Current Pose: X: 0.0115492, Y: 0.168283, Z: -1.94728, Yaw: 1.82482, Target Pose: X: 0, Y: 0, Z: 0, Yaw: 0, Velocity_out: X: -0.0115492, Y: -0.168283, Z: 1.94728, Velocity_in: X: -0.00126706, Y: 0.000584547, Z: 0.00988863, Error: X: -0.0115492, Y: -0.168283, Z: 1.94728, 
Current Pose: X: 0.0115475, Y: 0.168256, Z: -1.9472, Yaw: 1.82482, Target Pose: X: 0, Y: 0, Z: 0, Yaw: 0, Velocity_out: X: -0.0115475, Y: -0.168256, Z: 1.9472, Velocity_in: X: -0.00134184, Y: 0.000633046, Z: 0.00984157, Error: X: -0.0115475, Y: -0.168256, Z: 1.9472, 
Current Pose: X: 0.0115515, Y: 0.168217, Z: -1.94699, Yaw: 1.82482, Target Pose: X: 0, Y: 0, Z: 0, Yaw: 0, Velocity_out: X: -0.0115515, Y: -0.168217, Z: 1.94699, Velocity_in: X: -0.00130777, Y: 0.000807797, Z: 0.00975902, Error: X: -0.0115515, Y: -0.168217, Z: 1.94699, 
Current Pose: X: 0.0115598, Y: 0.168194, Z: -1.94678, Yaw: 1.82482, Target Pose: X: 0, Y: 0, Z: 0, Yaw: 0, Velocity_out: X: -0.0115598, Y: -0.168194, Z: 1.94678, Velocity_in: X: -0.00121219, Y: 0.000619201, Z: 0.00981916, Error: X: -0.0115598, Y: -0.168194, Z: 1.94678, 
Current Pose: X: 0.0115689, Y: 0.168168, Z: -1.94654, Yaw: 1.82483, Target Pose: X: 0, Y: 0, Z: 0, Yaw: 0, Velocity_out: X: -0.0115689, Y: -0.168168, Z: 1.94654, Velocity_in: X: -0.00119339, Y: 0.000520947, Z: 0.00971743, Error: X: -0.0115689, Y: -0.168168, Z: 1.94654, 
Current Pose: X: 0.0115741, Y: 0.168135, Z: -1.94649, Yaw: 1.82484, Target Pose: X: 0, Y: 0, Z: 0, Yaw: 0, Velocity_out: X: -0.0115741, Y: -0.168135, Z: 1.94649, Velocity_in: X: -0.00125433, Y: 0.000583996, Z: 0.00978988, Error: X: -0.0115741, Y: -0.168135, Z: 1.94649, 
Current Pose: X: 0.0115788, Y: 0.168113, Z: -1.94646, Yaw: 1.82483, Target Pose: X: 0, Y: 0, Z: 0, Yaw: 0, Velocity_out: X: -0.0115788, Y: -0.168113, Z: 1.94646, Velocity_in: X: -0.00133315, Y: 0.000641586, Z: 0.00971307, Error: X: -0.0115788, Y: -0.168113, Z: 1.94646, 
Current Pose: X: 0.0115848, Y: 0.16809, Z: -1.9464, Yaw: 1.82482, Target Pose: X: 0, Y: 0, Z: 0, Yaw: 0, Velocity_out: X: -0.0115848, Y: -0.16809, Z: 1.9464, Velocity_in: X: -0.00124472, Y: 0.000579539, Z: 0.00963141, Error: X: -0.0115848, Y: -0.16809, Z: 1.9464, 
Current Pose: X: 0.0115919, Y: 0.16806, Z: -1.94636, Yaw: 1.82483, Target Pose: X: 0, Y: 0, Z: 0, Yaw: 0, Velocity_out: X: -0.0115919, Y: -0.16806, Z: 1.94636, Velocity_in: X: -0.00124053, Y: 0.00061501, Z: 0.0094946, Error: X: -0.0115919, Y: -0.16806, Z: 1.94636, 
Current Pose: X: 0.0116016, Y: 0.168038, Z: -1.94631, Yaw: 1.82484, Target Pose: X: 0, Y: 0, Z: 0, Yaw: 0, Velocity_out: X: -0.0116016, Y: -0.168038, Z: 1.94631, Velocity_in: X: -0.00124879, Y: 0.000511582, Z: 0.00962393, Error: X: -0.0116016, Y: -0.168038, Z: 1.94631, 
Current Pose: X: 0.0116127, Y: 0.168022, Z: -1.94633, Yaw: 1.82483, Target Pose: X: 0, Y: 0, Z: 0, Yaw: 0, Velocity_out: X: -0.0116127, Y: -0.168022, Z: 1.94633, Velocity_in: X: -0.00120205, Y: 0.000402476, Z: 0.00975533, Error: X: -0.0116127, Y: -0.168022, Z: 1.94633, 
Current Pose: X: 0.0116247, Y: 0.168, Z: -1.94631, Yaw: 1.82483, Target Pose: X: 0, Y: 0, Z: 0, Yaw: 0, Velocity_out: X: -0.0116247, Y: -0.168, Z: 1.94631, Velocity_in: X: -0.0011523, Y: 0.000436949, Z: 0.00980781, Error: X: -0.0116247, Y: -0.168, Z: 1.94631, 
Current Pose: X: 0.0116512, Y: 0.167963, Z: -1.94605, Yaw: 1.82482, Target Pose: X: 0, Y: 0, Z: 0, Yaw: 0, Velocity_out: X: -0.0116512, Y: -0.167963, Z: 1.94605, Velocity_in: X: -0.00132228, Y: 0.000383519, Z: 0.0097467, Error: X: -0.0116512, Y: -0.167963, Z: 1.94605, 
Current Pose: X: 0.0116673, Y: 0.167935, Z: -1.94588, Yaw: 1.82484, Target Pose: X: 0, Y: 0, Z: 0, Yaw: 0, Velocity_out: X: -0.0116673, Y: -0.167935, Z: 1.94588, Velocity_in: X: -0.00135709, Y: 0.000384942, Z: 0.00984321, Error: X: -0.0116673, Y: -0.167935, Z: 1.94588, 
Current Pose: X: 0.0116831, Y: 0.167907, Z: -1.94574, Yaw: 1.82483, Target Pose: X: 0, Y: 0, Z: 0, Yaw: 0, Velocity_out: X: -0.0116831, Y: -0.167907, Z: 1.94574, Velocity_in: X: -0.00140974, Y: 0.000512075, Z: 0.00989323, Error: X: -0.0116831, Y: -0.167907, Z: 1.94574, 
Current Pose: X: 0.0117039, Y: 0.167868, Z: -1.94562, Yaw: 1.82483, Target Pose: X: 0, Y: 0, Z: 0, Yaw: 0, Velocity_out: X: -0.0117039, Y: -0.167868, Z: 1.94562, Velocity_in: X: -0.0014092, Y: 0.000395599, Z: 0.00986726, Error: X: -0.0117039, Y: -0.167868, Z: 1.94562, 
Current Pose: X: 0.0117203, Y: 0.167833, Z: -1.9455, Yaw: 1.82484, Target Pose: X: 0, Y: 0, Z: 0, Yaw: 0, Velocity_out: X: -0.0117203, Y: -0.167833, Z: 1.9455, Velocity_in: X: -0.00155338, Y: 0.000436808, Z: 0.00981866, Error: X: -0.0117203, Y: -0.167833, Z: 1.9455, 
Current Pose: X: 0.0117332, Y: 0.167799, Z: -1.94547, Yaw: 1.82483, Target Pose: X: 0, Y: 0, Z: 0, Yaw: 0, Velocity_out: X: -0.0117332, Y: -0.167799, Z: 1.94547, Velocity_in: X: -0.00164388, Y: 0.000516516, Z: 0.00986568, Error: X: -0.0117332, Y: -0.167799, Z: 1.94547, 
Current Pose: X: 0.0117472, Y: 0.167752, Z: -1.94557, Yaw: 1.82484, Target Pose: X: 0, Y: 0, Z: 0, Yaw: 0, Velocity_out: X: -0.0117472, Y: -0.167752, Z: 1.94557, Velocity_in: X: -0.00172697, Y: 0.000484933, Z: 0.00984914, Error: X: -0.0117472, Y: -0.167752, Z: 1.94557, 
Current Pose: X: 0.011757, Y: 0.167717, Z: -1.94556, Yaw: 1.82483, Target Pose: X: 0, Y: 0, Z: 0, Yaw: 0, Velocity_out: X: -0.011757, Y: -0.167717, Z: 1.94556, Velocity_in: X: -0.00175649, Y: 0.000469541, Z: 0.00964985, Error: X: -0.011757, Y: -0.167717, Z: 1.94556, 
Current Pose: X: 0.0117663, Y: 0.167675, Z: -1.94551, Yaw: 1.82481, Target Pose: X: 0, Y: 0, Z: 0, Yaw: 0, Velocity_out: X: -0.0117663, Y: -0.167675, Z: 1.94551, Velocity_in: X: -0.00183078, Y: 0.00062302, Z: 0.00959437, Error: X: -0.0117663, Y: -0.167675, Z: 1.94551, 
Current Pose: X: 0.0117777, Y: 0.167635, Z: -1.94545, Yaw: 1.82482, Target Pose: X: 0, Y: 0, Z: 0, Yaw: 0, Velocity_out: X: -0.0117777, Y: -0.167635, Z: 1.94545, Velocity_in: X: -0.00186838, Y: 0.000613386, Z: 0.0097333, Error: X: -0.0117777, Y: -0.167635, Z: 1.94545, 
Current Pose: X: 0.0117933, Y: 0.167578, Z: -1.94532, Yaw: 1.82483, Target Pose: X: 0, Y: 0, Z: 0, Yaw: 0, Velocity_out: X: -0.0117933, Y: -0.167578, Z: 1.94532, Velocity_in: X: -0.00190736, Y: 0.000532336, Z: 0.00953598, Error: X: -0.0117933, Y: -0.167578, Z: 1.94532, 
Current Pose: X: 0.0118078, Y: 0.167526, Z: -1.94526, Yaw: 1.82483, Target Pose: X: 0, Y: 0, Z: 0, Yaw: 0, Velocity_out: X: -0.0118078, Y: -0.167526, Z: 1.94526, Velocity_in: X: -0.00197164, Y: 0.000619179, Z: 0.00959707, Error: X: -0.0118078, Y: -0.167526, Z: 1.94526, 
Current Pose: X: 0.0118184, Y: 0.167474, Z: -1.94541, Yaw: 1.82484, Target Pose: X: 0, Y: 0, Z: 0, Yaw: 0, Velocity_out: X: -0.0118184, Y: -0.167474, Z: 1.94541, Velocity_in: X: -0.00205915, Y: 0.00057803, Z: 0.00946257, Error: X: -0.0118184, Y: -0.167474, Z: 1.94541, 
Current Pose: X: 0.0118256, Y: 0.167431, Z: -1.94567, Yaw: 1.82483, Target Pose: X: 0, Y: 0, Z: 0, Yaw: 0, Velocity_out: X: -0.0118256, Y: -0.167431, Z: 1.94567, Velocity_in: X: -0.00218143, Y: 0.000515866, Z: 0.00938592, Error: X: -0.0118256, Y: -0.167431, Z: 1.94567, 
Current Pose: X: 0.0118294, Y: 0.167401, Z: -1.94588, Yaw: 1.82484, Target Pose: X: 0, Y: 0, Z: 0, Yaw: 0, Velocity_out: X: -0.0118294, Y: -0.167401, Z: 1.94588, Velocity_in: X: -0.00214126, Y: 0.00052157, Z: 0.00934407, Error: X: -0.0118294, Y: -0.167401, Z: 1.94588, 
Current Pose: X: 0.0118342, Y: 0.167366, Z: -1.946, Yaw: 1.82483, Target Pose: X: 0, Y: 0, Z: 0, Yaw: 0, Velocity_out: X: -0.0118342, Y: -0.167366, Z: 1.946, Velocity_in: X: -0.00219113, Y: 0.000558634, Z: 0.0092244, Error: X: -0.0118342, Y: -0.167366, Z: 1.946, 
Current Pose: X: 0.0118421, Y: 0.167321, Z: -1.946, Yaw: 1.82484, Target Pose: X: 0, Y: 0, Z: 0, Yaw: 0, Velocity_out: X: -0.0118421, Y: -0.167321, Z: 1.946, Velocity_in: X: -0.00214014, Y: 0.000629566, Z: 0.00909965, Error: X: -0.0118421, Y: -0.167321, Z: 1.946, 
Current Pose: X: 0.0118444, Y: 0.167292, Z: -1.94613, Yaw: 1.82485, Target Pose: X: 0, Y: 0, Z: 0, Yaw: 0, Velocity_out: X: -0.0118444, Y: -0.167292, Z: 1.94613, Velocity_in: X: -0.00217186, Y: 0.000690373, Z: 0.00902411, Error: X: -0.0118444, Y: -0.167292, Z: 1.94613, 
Current Pose: X: 0.0118481, Y: 0.167273, Z: -1.94631, Yaw: 1.82485, Target Pose: X: 0, Y: 0, Z: 0, Yaw: 0, Velocity_out: X: -0.0118481, Y: -0.167273, Z: 1.94631, Velocity_in: X: -0.00208622, Y: 0.000592048, Z: 0.00895059, Error: X: -0.0118481, Y: -0.167273, Z: 1.94631, 
Current Pose: X: 0.011856, Y: 0.167253, Z: -1.94634, Yaw: 1.82485, Target Pose: X: 0, Y: 0, Z: 0, Yaw: 0, Velocity_out: X: -0.011856, Y: -0.167253, Z: 1.94634, Velocity_in: X: -0.00192655, Y: 0.000561624, Z: 0.00900626, Error: X: -0.011856, Y: -0.167253, Z: 1.94634, 
Current Pose: X: 0.0118704, Y: 0.167225, Z: -1.94626, Yaw: 1.82485, Target Pose: X: 0, Y: 0, Z: 0, Yaw: 0, Velocity_out: X: -0.0118704, Y: -0.167225, Z: 1.94626, Velocity_in: X: -0.00189137, Y: 0.000495955, Z: 0.00906118, Error: X: -0.0118704, Y: -0.167225, Z: 1.94626, 
Current Pose: X: 0.0118846, Y: 0.167207, Z: -1.94611, Yaw: 1.82485, Target Pose: X: 0, Y: 0, Z: 0, Yaw: 0, Velocity_out: X: -0.0118846, Y: -0.167207, Z: 1.94611, Velocity_in: X: -0.00187343, Y: 0.000455099, Z: 0.00904551, Error: X: -0.0118846, Y: -0.167207, Z: 1.94611, 
Current Pose: X: 0.0119005, Y: 0.167188, Z: -1.94595, Yaw: 1.82486, Target Pose: X: 0, Y: 0, Z: 0, Yaw: 0, Velocity_out: X: -0.0119005, Y: -0.167188, Z: 1.94595, Velocity_in: X: -0.00185903, Y: 0.000448028, Z: 0.00914027, Error: X: -0.0119005, Y: -0.167188, Z: 1.94595, 
Current Pose: X: 0.0119199, Y: 0.167167, Z: -1.94582, Yaw: 1.82487, Target Pose: X: 0, Y: 0, Z: 0, Yaw: 0, Velocity_out: X: -0.0119199, Y: -0.167167, Z: 1.94582, Velocity_in: X: -0.00184275, Y: 0.00044306, Z: 0.0091446, Error: X: -0.0119199, Y: -0.167167, Z: 1.94582, 
Current Pose: X: 0.0119351, Y: 0.167152, Z: -1.9458, Yaw: 1.82487, Target Pose: X: 0, Y: 0, Z: 0, Yaw: 0, Velocity_out: X: -0.0119351, Y: -0.167152, Z: 1.9458, Velocity_in: X: -0.00180649, Y: 0.000321626, Z: 0.00917828, Error: X: -0.0119351, Y: -0.167152, Z: 1.9458, 
Current Pose: X: 0.0119555, Y: 0.167137, Z: -1.9457, Yaw: 1.82487, Target Pose: X: 0, Y: 0, Z: 0, Yaw: 0, Velocity_out: X: -0.0119555, Y: -0.167137, Z: 1.9457, Velocity_in: X: -0.0018317, Y: 0.000266654, Z: 0.00921, Error: X: -0.0119555, Y: -0.167137, Z: 1.9457, 
Current Pose: X: 0.0119837, Y: 0.167114, Z: -1.9455, Yaw: 1.82485, Target Pose: X: 0, Y: 0, Z: 0, Yaw: 0, Velocity_out: X: -0.0119837, Y: -0.167114, Z: 1.9455, Velocity_in: X: -0.00184867, Y: 0.000167738, Z: 0.0091157, Error: X: -0.0119837, Y: -0.167114, Z: 1.9455, 
Current Pose: X: 0.012005, Y: 0.167098, Z: -1.94535, Yaw: 1.82485, Target Pose: X: 0, Y: 0, Z: 0, Yaw: 0, Velocity_out: X: -0.012005, Y: -0.167098, Z: 1.94535, Velocity_in: X: -0.00188063, Y: 0.00021648, Z: 0.00914478, Error: X: -0.012005, Y: -0.167098, Z: 1.94535, 
Current Pose: X: 0.0120278, Y: 0.167081, Z: -1.94521, Yaw: 1.82485, Target Pose: X: 0, Y: 0, Z: 0, Yaw: 0, Velocity_out: X: -0.0120278, Y: -0.167081, Z: 1.94521, Velocity_in: X: -0.00186626, Y: 0.00015142, Z: 0.0092563, Error: X: -0.0120278, Y: -0.167081, Z: 1.94521, 
Current Pose: X: 0.0120488, Y: 0.167067, Z: -1.94516, Yaw: 1.82487, Target Pose: X: 0, Y: 0, Z: 0, Yaw: 0, Velocity_out: X: -0.0120488, Y: -0.167067, Z: 1.94516, Velocity_in: X: -0.00181613, Y: 0.000110269, Z: 0.0094667, Error: X: -0.0120488, Y: -0.167067, Z: 1.94516, 
Current Pose: X: 0.0120748, Y: 0.167054, Z: -1.9452, Yaw: 1.82487, Target Pose: X: 0, Y: 0, Z: 0, Yaw: 0, Velocity_out: X: -0.0120748, Y: -0.167054, Z: 1.9452, Velocity_in: X: -0.00180592, Y: 7.24368e-05, Z: 0.00949965, Error: X: -0.0120748, Y: -0.167054, Z: 1.9452, 
Current Pose: X: 0.0120961, Y: 0.167044, Z: -1.94519, Yaw: 1.82486, Target Pose: X: 0, Y: 0, Z: 0, Yaw: 0, Velocity_out: X: -0.0120961, Y: -0.167044, Z: 1.94519, Velocity_in: X: -0.00174716, Y: -8.35927e-05, Z: 0.00929946, Error: X: -0.0120961, Y: -0.167044, Z: 1.94519, 
Current Pose: X: 0.0121216, Y: 0.167042, Z: -1.94539, Yaw: 1.82485, Target Pose: X: 0, Y: 0, Z: 0, Yaw: 0, Velocity_out: X: -0.0121216, Y: -0.167042, Z: 1.94539, Velocity_in: X: -0.00172596, Y: -8.94039e-05, Z: 0.0093952, Error: X: -0.0121216, Y: -0.167042, Z: 1.94539, 
Current Pose: X: 0.0121371, Y: 0.167041, Z: -1.94553, Yaw: 1.82483, Target Pose: X: 0, Y: 0, Z: 0, Yaw: 0, Velocity_out: X: -0.0121371, Y: -0.167041, Z: 1.94553, Velocity_in: X: -0.00160503, Y: -0.000153985, Z: 0.00952913, Error: X: -0.0121371, Y: -0.167041, Z: 1.94553, 
Current Pose: X: 0.0121528, Y: 0.167042, Z: -1.94564, Yaw: 1.82484, Target Pose: X: 0, Y: 0, Z: 0, Yaw: 0, Velocity_out: X: -0.0121528, Y: -0.167042, Z: 1.94564, Velocity_in: X: -0.0015254, Y: -5.89815e-05, Z: 0.00949553, Error: X: -0.0121528, Y: -0.167042, Z: 1.94564, 
Current Pose: X: 0.0121659, Y: 0.167043, Z: -1.94585, Yaw: 1.82484, Target Pose: X: 0, Y: 0, Z: 0, Yaw: 0, Velocity_out: X: -0.0121659, Y: -0.167043, Z: 1.94585, Velocity_in: X: -0.00150568, Y: -0.000171707, Z: 0.00951148, Error: X: -0.0121659, Y: -0.167043, Z: 1.94585, 
Current Pose: X: 0.0121857, Y: 0.167031, Z: -1.94618, Yaw: 1.82482, Target Pose: X: 0, Y: 0, Z: 0, Yaw: 0, Velocity_out: X: -0.0121857, Y: -0.167031, Z: 1.94618, Velocity_in: X: -0.00146269, Y: -0.000112093, Z: 0.00957413, Error: X: -0.0121857, Y: -0.167031, Z: 1.94618, 
Current Pose: X: 0.012203, Y: 0.167018, Z: -1.94636, Yaw: 1.82481, Target Pose: X: 0, Y: 0, Z: 0, Yaw: 0, Velocity_out: X: -0.012203, Y: -0.167018, Z: 1.94636, Velocity_in: X: -0.0016056, Y: -0.000188422, Z: 0.00968066, Error: X: -0.012203, Y: -0.167018, Z: 1.94636, 
Current Pose: X: 0.0122223, Y: 0.167002, Z: -1.94642, Yaw: 1.8248, Target Pose: X: 0, Y: 0, Z: 0, Yaw: 0, Velocity_out: X: -0.0122223, Y: -0.167002, Z: 1.94642, Velocity_in: X: -0.00155945, Y: -0.000242317, Z: 0.00970834, Error: X: -0.0122223, Y: -0.167002, Z: 1.94642, 
Current Pose: X: 0.0122403, Y: 0.166991, Z: -1.94642, Yaw: 1.82478, Target Pose: X: 0, Y: 0, Z: 0, Yaw: 0, Velocity_out: X: -0.0122403, Y: -0.166991, Z: 1.94642, Velocity_in: X: -0.00164062, Y: -0.000270937, Z: 0.00974161, Error: X: -0.0122403, Y: -0.166991, Z: 1.94642, 
Current Pose: X: 0.0122543, Y: 0.166983, Z: -1.94635, Yaw: 1.82478, Target Pose: X: 0, Y: 0, Z: 0, Yaw: 0, Velocity_out: X: -0.0122543, Y: -0.166983, Z: 1.94635, Velocity_in: X: -0.00166855, Y: -0.000148852, Z: 0.00975604, Error: X: -0.0122543, Y: -0.166983, Z: 1.94635, 
Current Pose: X: 0.012262, Y: 0.166979, Z: -1.94628, Yaw: 1.82475, Target Pose: X: 0, Y: 0, Z: 0, Yaw: 0, Velocity_out: X: -0.012262, Y: -0.166979, Z: 1.94628, Velocity_in: X: -0.00152309, Y: -5.61917e-05, Z: 0.00977249, Error: X: -0.012262, Y: -0.166979, Z: 1.94628, 
Current Pose: X: 0.0122664, Y: 0.166976, Z: -1.94619, Yaw: 1.82476, Target Pose: X: 0, Y: 0, Z: 0, Yaw: 0, Velocity_out: X: -0.0122664, Y: -0.166976, Z: 1.94619, Velocity_in: X: -0.00137073, Y: 3.29873e-05, Z: 0.00977618, Error: X: -0.0122664, Y: -0.166976, Z: 1.94619, 
Current Pose: X: 0.0122688, Y: 0.166974, Z: -1.94615, Yaw: 1.82476, Target Pose: X: 0, Y: 0, Z: 0, Yaw: 0, Velocity_out: X: -0.0122688, Y: -0.166974, Z: 1.94615, Velocity_in: X: -0.00133093, Y: 2.39828e-05, Z: 0.00991493, Error: X: -0.0122688, Y: -0.166974, Z: 1.94615, 
Current Pose: X: 0.012268, Y: 0.166971, Z: -1.9461, Yaw: 1.82478, Target Pose: X: 0, Y: 0, Z: 0, Yaw: 0, Velocity_out: X: -0.012268, Y: -0.166971, Z: 1.9461, Velocity_in: X: -0.00125921, Y: 1.67868e-05, Z: 0.00984712, Error: X: -0.012268, Y: -0.166971, Z: 1.9461, 
Current Pose: X: 0.0122682, Y: 0.166965, Z: -1.946, Yaw: 1.82478, Target Pose: X: 0, Y: 0, Z: 0, Yaw: 0, Velocity_out: X: -0.0122682, Y: -0.166965, Z: 1.946, Velocity_in: X: -0.00121346, Y: 0.000148148, Z: 0.00975662, Error: X: -0.0122682, Y: -0.166965, Z: 1.946, 
Current Pose: X: 0.0122687, Y: 0.166954, Z: -1.94587, Yaw: 1.82478, Target Pose: X: 0, Y: 0, Z: 0, Yaw: 0, Velocity_out: X: -0.0122687, Y: -0.166954, Z: 1.94587, Velocity_in: X: -0.00128703, Y: 7.98645e-05, Z: 0.00966606, Error: X: -0.0122687, Y: -0.166954, Z: 1.94587, 
Current Pose: X: 0.0122686, Y: 0.166947, Z: -1.94583, Yaw: 1.82478, Target Pose: X: 0, Y: 0, Z: 0, Yaw: 0, Velocity_out: X: -0.0122686, Y: -0.166947, Z: 1.94583, Velocity_in: X: -0.00131237, Y: 7.70769e-05, Z: 0.00958579, Error: X: -0.0122686, Y: -0.166947, Z: 1.94583, 
Current Pose: X: 0.0122681, Y: 0.166942, Z: -1.94588, Yaw: 1.82478, Target Pose: X: 0, Y: 0, Z: 0, Yaw: 0, Velocity_out: X: -0.0122681, Y: -0.166942, Z: 1.94588, Velocity_in: X: -0.00126961, Y: 0.000123003, Z: 0.00958187, Error: X: -0.0122681, Y: -0.166942, Z: 1.94588, 
Current Pose: X: 0.0122699, Y: 0.166933, Z: -1.94589, Yaw: 1.82478, Target Pose: X: 0, Y: 0, Z: 0, Yaw: 0, Velocity_out: X: -0.0122699, Y: -0.166933, Z: 1.94589, Velocity_in: X: -0.00121847, Y: 3.67945e-05, Z: 0.00951851, Error: X: -0.0122699, Y: -0.166933, Z: 1.94589, 
Current Pose: X: 0.0122762, Y: 0.166916, Z: -1.94583, Yaw: 1.82478, Target Pose: X: 0, Y: 0, Z: 0, Yaw: 0, Velocity_out: X: -0.0122762, Y: -0.166916, Z: 1.94583, Velocity_in: X: -0.0013246, Y: 4.9898e-05, Z: 0.00935734, Error: X: -0.0122762, Y: -0.166916, Z: 1.94583, 
Current Pose: X: 0.0122813, Y: 0.166902, Z: -1.94589, Yaw: 1.82478, Target Pose: X: 0, Y: 0, Z: 0, Yaw: 0, Velocity_out: X: -0.0122813, Y: -0.166902, Z: 1.94589, Velocity_in: X: -0.0013784, Y: 3.50055e-05, Z: 0.0093485, Error: X: -0.0122813, Y: -0.166902, Z: 1.94589, 
Current Pose: X: 0.012292, Y: 0.16688, Z: -1.94599, Yaw: 1.82478, Target Pose: X: 0, Y: 0, Z: 0, Yaw: 0, Velocity_out: X: -0.012292, Y: -0.16688, Z: 1.94599, Velocity_in: X: -0.00140022, Y: -0.000101576, Z: 0.00934969, Error: X: -0.012292, Y: -0.16688, Z: 1.94599, 
Current Pose: X: 0.012299, Y: 0.166856, Z: -1.94609, Yaw: 1.82478, Target Pose: X: 0, Y: 0, Z: 0, Yaw: 0, Velocity_out: X: -0.012299, Y: -0.166856, Z: 1.94609, Velocity_in: X: -0.00163997, Y: 4.73788e-05, Z: 0.00938407, Error: X: -0.012299, Y: -0.166856, Z: 1.94609, 
Current Pose: X: 0.0123075, Y: 0.166836, Z: -1.94619, Yaw: 1.82478, Target Pose: X: 0, Y: 0, Z: 0, Yaw: 0, Velocity_out: X: -0.0123075, Y: -0.166836, Z: 1.94619, Velocity_in: X: -0.00168452, Y: -8.73616e-05, Z: 0.00931036, Error: X: -0.0123075, Y: -0.166836, Z: 1.94619, 
Current Pose: X: 0.0123178, Y: 0.166809, Z: -1.94612, Yaw: 1.82477, Target Pose: X: 0, Y: 0, Z: 0, Yaw: 0, Velocity_out: X: -0.0123178, Y: -0.166809, Z: 1.94612, Velocity_in: X: -0.00162619, Y: 1.7323e-05, Z: 0.00920024, Error: X: -0.0123178, Y: -0.166809, Z: 1.94612, 
Current Pose: X: 0.0123357, Y: 0.166774, Z: -1.94604, Yaw: 1.82476, Target Pose: X: 0, Y: 0, Z: 0, Yaw: 0, Velocity_out: X: -0.0123357, Y: -0.166774, Z: 1.94604, Velocity_in: X: -0.00159881, Y: -7.14856e-06, Z: 0.00915545, Error: X: -0.0123357, Y: -0.166774, Z: 1.94604, 
Current Pose: X: 0.0123497, Y: 0.166748, Z: -1.946, Yaw: 1.82475, Target Pose: X: 0, Y: 0, Z: 0, Yaw: 0, Velocity_out: X: -0.0123497, Y: -0.166748, Z: 1.946, Velocity_in: X: -0.00163549, Y: -0.000143854, Z: 0.00909972, Error: X: -0.0123497, Y: -0.166748, Z: 1.946, 
Current Pose: X: 0.0123628, Y: 0.166723, Z: -1.94598, Yaw: 1.82476, Target Pose: X: 0, Y: 0, Z: 0, Yaw: 0, Velocity_out: X: -0.0123628, Y: -0.166723, Z: 1.94598, Velocity_in: X: -0.00163536, Y: -9.67421e-05, Z: 0.00916108, Error: X: -0.0123628, Y: -0.166723, Z: 1.94598, 
Current Pose: X: 0.0123788, Y: 0.166695, Z: -1.94599, Yaw: 1.82474, Target Pose: X: 0, Y: 0, Z: 0, Yaw: 0, Velocity_out: X: -0.0123788, Y: -0.166695, Z: 1.94599, Velocity_in: X: -0.00160615, Y: -7.23398e-05, Z: 0.00916069, Error: X: -0.0123788, Y: -0.166695, Z: 1.94599, 
Current Pose: X: 0.0123892, Y: 0.166677, Z: -1.94609, Yaw: 1.82474, Target Pose: X: 0, Y: 0, Z: 0, Yaw: 0, Velocity_out: X: -0.0123892, Y: -0.166677, Z: 1.94609, Velocity_in: X: -0.00151045, Y: -0.000212888, Z: 0.00911524, Error: X: -0.0123892, Y: -0.166677, Z: 1.94609, 
Current Pose: X: 0.0124026, Y: 0.166656, Z: -1.94604, Yaw: 1.82473, Target Pose: X: 0, Y: 0, Z: 0, Yaw: 0, Velocity_out: X: -0.0124026, Y: -0.166656, Z: 1.94604, Velocity_in: X: -0.0014839, Y: -0.00018673, Z: 0.00896297, Error: X: -0.0124026, Y: -0.166656, Z: 1.94604, 
Current Pose: X: 0.0124266, Y: 0.166623, Z: -1.94588, Yaw: 1.82473, Target Pose: X: 0, Y: 0, Z: 0, Yaw: 0, Velocity_out: X: -0.0124266, Y: -0.166623, Z: 1.94588, Velocity_in: X: -0.00160224, Y: -0.00013266, Z: 0.00892859, Error: X: -0.0124266, Y: -0.166623, Z: 1.94588, 
Current Pose: X: 0.0124478, Y: 0.1666, Z: -1.94565, Yaw: 1.82471, Target Pose: X: 0, Y: 0, Z: 0, Yaw: 0, Velocity_out: X: -0.0124478, Y: -0.1666, Z: 1.94565, Velocity_in: X: -0.00156734, Y: -0.00030004, Z: 0.00907684, Error: X: -0.0124478, Y: -0.1666, Z: 1.94565, 
Current Pose: X: 0.0124629, Y: 0.166577, Z: -1.94547, Yaw: 1.82471, Target Pose: X: 0, Y: 0, Z: 0, Yaw: 0, Velocity_out: X: -0.0124629, Y: -0.166577, Z: 1.94547, Velocity_in: X: -0.00153945, Y: -0.00024653, Z: 0.00904886, Error: X: -0.0124629, Y: -0.166577, Z: 1.94547, 
Current Pose: X: 0.012477, Y: 0.166554, Z: -1.94531, Yaw: 1.8247, Target Pose: X: 0, Y: 0, Z: 0, Yaw: 0, Velocity_out: X: -0.012477, Y: -0.166554, Z: 1.94531, Velocity_in: X: -0.00150453, Y: -0.000131431, Z: 0.00886628, Error: X: -0.012477, Y: -0.166554, Z: 1.94531, 
Current Pose: X: 0.0124908, Y: 0.166531, Z: -1.94524, Yaw: 1.8247, Target Pose: X: 0, Y: 0, Z: 0, Yaw: 0, Velocity_out: X: -0.0124908, Y: -0.166531, Z: 1.94524, Velocity_in: X: -0.00150067, Y: -0.000140824, Z: 0.00890994, Error: X: -0.0124908, Y: -0.166531, Z: 1.94524, 
Current Pose: X: 0.0125019, Y: 0.166509, Z: -1.9451, Yaw: 1.82469, Target Pose: X: 0, Y: 0, Z: 0, Yaw: 0, Velocity_out: X: -0.0125019, Y: -0.166509, Z: 1.9451, Velocity_in: X: -0.00138077, Y: -0.0001743, Z: 0.00884248, Error: X: -0.0125019, Y: -0.166509, Z: 1.9451, 
Current Pose: X: 0.0125193, Y: 0.166474, Z: -1.94471, Yaw: 1.82468, Target Pose: X: 0, Y: 0, Z: 0, Yaw: 0, Velocity_out: X: -0.0125193, Y: -0.166474, Z: 1.94471, Velocity_in: X: -0.00152252, Y: -0.000101432, Z: 0.00889991, Error: X: -0.0125193, Y: -0.166474, Z: 1.94471, 
Current Pose: X: 0.01253, Y: 0.166445, Z: -1.94441, Yaw: 1.8247, Target Pose: X: 0, Y: 0, Z: 0, Yaw: 0, Velocity_out: X: -0.01253, Y: -0.166445, Z: 1.94441, Velocity_in: X: -0.00153291, Y: -4.57134e-05, Z: 0.00891533, Error: X: -0.01253, Y: -0.166445, Z: 1.94441, 
Current Pose: X: 0.0125397, Y: 0.166415, Z: -1.94412, Yaw: 1.8247, Target Pose: X: 0, Y: 0, Z: 0, Yaw: 0, Velocity_out: X: -0.0125397, Y: -0.166415, Z: 1.94412, Velocity_in: X: -0.00152537, Y: 3.89851e-05, Z: 0.0090455, Error: X: -0.0125397, Y: -0.166415, Z: 1.94412, 
Current Pose: X: 0.0125499, Y: 0.166381, Z: -1.94384, Yaw: 1.82469, Target Pose: X: 0, Y: 0, Z: 0, Yaw: 0, Velocity_out: X: -0.0125499, Y: -0.166381, Z: 1.94384, Velocity_in: X: -0.00167626, Y: 3.05111e-05, Z: 0.00918852, Error: X: -0.0125499, Y: -0.166381, Z: 1.94384, 
Current Pose: X: 0.0125585, Y: 0.166339, Z: -1.94366, Yaw: 1.82468, Target Pose: X: 0, Y: 0, Z: 0, Yaw: 0, Velocity_out: X: -0.0125585, Y: -0.166339, Z: 1.94366, Velocity_in: X: -0.00171779, Y: 3.40085e-05, Z: 0.00940597, Error: X: -0.0125585, Y: -0.166339, Z: 1.94366, 
Current Pose: X: 0.0125678, Y: 0.166305, Z: -1.9435, Yaw: 1.82468, Target Pose: X: 0, Y: 0, Z: 0, Yaw: 0, Velocity_out: X: -0.0125678, Y: -0.166305, Z: 1.9435, Velocity_in: X: -0.00175391, Y: -7.94635e-06, Z: 0.00934276, Error: X: -0.0125678, Y: -0.166305, Z: 1.9435, 
Current Pose: X: 0.01258, Y: 0.166269, Z: -1.94324, Yaw: 1.82468, Target Pose: X: 0, Y: 0, Z: 0, Yaw: 0, Velocity_out: X: -0.01258, Y: -0.166269, Z: 1.94324, Velocity_in: X: -0.00181435, Y: -3.04087e-05, Z: 0.00940199, Error: X: -0.01258, Y: -0.166269, Z: 1.94324, 
Current Pose: X: 0.0125925, Y: 0.166234, Z: -1.94297, Yaw: 1.82469, Target Pose: X: 0, Y: 0, Z: 0, Yaw: 0, Velocity_out: X: -0.0125925, Y: -0.166234, Z: 1.94297, Velocity_in: X: -0.00178643, Y: -3.69005e-05, Z: 0.00955452, Error: X: -0.0125925, Y: -0.166234, Z: 1.94297, 
Current Pose: X: 0.0126109, Y: 0.166181, Z: -1.94256, Yaw: 1.82468, Target Pose: X: 0, Y: 0, Z: 0, Yaw: 0, Velocity_out: X: -0.0126109, Y: -0.166181, Z: 1.94256, Velocity_in: X: -0.00176656, Y: -8.8699e-05, Z: 0.00961084, Error: X: -0.0126109, Y: -0.166181, Z: 1.94256, 
Current Pose: X: 0.0126257, Y: 0.166138, Z: -1.94215, Yaw: 1.82468, Target Pose: X: 0, Y: 0, Z: 0, Yaw: 0, Velocity_out: X: -0.0126257, Y: -0.166138, Z: 1.94215, Velocity_in: X: -0.00193399, Y: 1.24643e-05, Z: 0.00970399, Error: X: -0.0126257, Y: -0.166138, Z: 1.94215, 
Current Pose: X: 0.0126391, Y: 0.166079, Z: -1.94181, Yaw: 1.82467, Target Pose: X: 0, Y: 0, Z: 0, Yaw: 0, Velocity_out: X: -0.0126391, Y: -0.166079, Z: 1.94181, Velocity_in: X: -0.00200455, Y: 0.00016933, Z: 0.00988103, Error: X: -0.0126391, Y: -0.166079, Z: 1.94181, 
Current Pose: X: 0.0126504, Y: 0.166037, Z: -1.94159, Yaw: 1.82467, Target Pose: X: 0, Y: 0, Z: 0, Yaw: 0, Velocity_out: X: -0.0126504, Y: -0.166037, Z: 1.94159, Velocity_in: X: -0.00209225, Y: 9.53831e-05, Z: 0.00996609, Error: X: -0.0126504, Y: -0.166037, Z: 1.94159, 
Current Pose: X: 0.0126613, Y: 0.165995, Z: -1.94145, Yaw: 1.82467, Target Pose: X: 0, Y: 0, Z: 0, Yaw: 0, Velocity_out: X: -0.0126613, Y: -0.165995, Z: 1.94145, Velocity_in: X: -0.00214456, Y: 3.16652e-05, Z: 0.00995323, Error: X: -0.0126613, Y: -0.165995, Z: 1.94145, 
Current Pose: X: 0.0126702, Y: 0.165954, Z: -1.94135, Yaw: 1.82467, Target Pose: X: 0, Y: 0, Z: 0, Yaw: 0, Velocity_out: X: -0.0126702, Y: -0.165954, Z: 1.94135, Velocity_in: X: -0.00215157, Y: 4.36684e-05, Z: 0.0099868, Error: X: -0.0126702, Y: -0.165954, Z: 1.94135, 
Current Pose: X: 0.0126796, Y: 0.165898, Z: -1.94123, Yaw: 1.82466, Target Pose: X: 0, Y: 0, Z: 0, Yaw: 0, Velocity_out: X: -0.0126796, Y: -0.165898, Z: 1.94123, Velocity_in: X: -0.00226803, Y: 0.000133684, Z: 0.0100035, Error: X: -0.0126796, Y: -0.165898, Z: 1.94123, 
Current Pose: X: 0.0126879, Y: 0.165852, Z: -1.94117, Yaw: 1.82466, Target Pose: X: 0, Y: 0, Z: 0, Yaw: 0, Velocity_out: X: -0.0126879, Y: -0.165852, Z: 1.94117, Velocity_in: X: -0.00230406, Y: 0.000150922, Z: 0.0100317, Error: X: -0.0126879, Y: -0.165852, Z: 1.94117, 
Current Pose: X: 0.0126944, Y: 0.165805, Z: -1.94135, Yaw: 1.82467, Target Pose: X: 0, Y: 0, Z: 0, Yaw: 0, Velocity_out: X: -0.0126944, Y: -0.165805, Z: 1.94135, Velocity_in: X: -0.00239965, Y: 8.63491e-05, Z: 0.00996026, Error: X: -0.0126944, Y: -0.165805, Z: 1.94135, 
Current Pose: X: 0.0127076, Y: 0.165738, Z: -1.9415, Yaw: 1.82467, Target Pose: X: 0, Y: 0, Z: 0, Yaw: 0, Velocity_out: X: -0.0127076, Y: -0.165738, Z: 1.9415, Velocity_in: X: -0.00245063, Y: 7.75491e-05, Z: 0.0098909, Error: X: -0.0127076, Y: -0.165738, Z: 1.9415, 
Current Pose: X: 0.0127187, Y: 0.165688, Z: -1.94157, Yaw: 1.82465, Target Pose: X: 0, Y: 0, Z: 0, Yaw: 0, Velocity_out: X: -0.0127187, Y: -0.165688, Z: 1.94157, Velocity_in: X: -0.00252782, Y: 8.58832e-05, Z: 0.0099814, Error: X: -0.0127187, Y: -0.165688, Z: 1.94157, 
Current Pose: X: 0.0127396, Y: 0.165627, Z: -1.94128, Yaw: 1.82466, Target Pose: X: 0, Y: 0, Z: 0, Yaw: 0, Velocity_out: X: -0.0127396, Y: -0.165627, Z: 1.94128, Velocity_in: X: -0.00262394, Y: 1.55267e-05, Z: 0.00993201, Error: X: -0.0127396, Y: -0.165627, Z: 1.94128, 
Current Pose: X: 0.0127645, Y: 0.165568, Z: -1.94098, Yaw: 1.82466, Target Pose: X: 0, Y: 0, Z: 0, Yaw: 0, Velocity_out: X: -0.0127645, Y: -0.165568, Z: 1.94098, Velocity_in: X: -0.0026843, Y: 5.85354e-06, Z: 0.0100873, Error: X: -0.0127645, Y: -0.165568, Z: 1.94098, 
Current Pose: X: 0.0127964, Y: 0.165489, Z: -1.94059, Yaw: 1.82465, Target Pose: X: 0, Y: 0, Z: 0, Yaw: 0, Velocity_out: X: -0.0127964, Y: -0.165489, Z: 1.94059, Velocity_in: X: -0.00280294, Y: -6.57864e-05, Z: 0.0101559, Error: X: -0.0127964, Y: -0.165489, Z: 1.94059, 
Current Pose: X: 0.0128062, Y: 0.165459, Z: -1.94052, Yaw: 1.82466, Target Pose: X: 0, Y: 0, Z: 0, Yaw: 0, Velocity_out: X: -0.0128062, Y: -0.165459, Z: 1.94052, Velocity_in: X: -0.00278451, Y: -3.01696e-05, Z: 0.0102115, Error: X: -0.0128062, Y: -0.165459, Z: 1.94052, 
Current Pose: X: 0.0128071, Y: 0.165444, Z: -1.94047, Yaw: 1.82465, Target Pose: X: 0, Y: 0, Z: 0, Yaw: 0, Velocity_out: X: -0.0128071, Y: -0.165444, Z: 1.94047, Velocity_in: X: -0.00272859, Y: 0.000163713, Z: 0.0100662, Error: X: -0.0128071, Y: -0.165444, Z: 1.94047, 
Current Pose: X: 0.012814, Y: 0.165407, Z: -1.94024, Yaw: 1.82466, Target Pose: X: 0, Y: 0, Z: 0, Yaw: 0, Velocity_out: X: -0.012814, Y: -0.165407, Z: 1.94024, Velocity_in: X: -0.0023966, Y: 0.000277551, Z: 0.0100402, Error: X: -0.012814, Y: -0.165407, Z: 1.94024, 
Current Pose: X: 0.012823, Y: 0.165369, Z: -1.93996, Yaw: 1.82465, Target Pose: X: 0, Y: 0, Z: 0, Yaw: 0, Velocity_out: X: -0.012823, Y: -0.165369, Z: 1.93996, Velocity_in: X: -0.00229283, Y: 0.000271792, Z: 0.0101189, Error: X: -0.012823, Y: -0.165369, Z: 1.93996, 
Current Pose: X: 0.0128334, Y: 0.165332, Z: -1.93963, Yaw: 1.82465, Target Pose: X: 0, Y: 0, Z: 0, Yaw: 0, Velocity_out: X: -0.0128334, Y: -0.165332, Z: 1.93963, Velocity_in: X: -0.00231435, Y: 0.000272028, Z: 0.0101147, Error: X: -0.0128334, Y: -0.165332, Z: 1.93963, 
Current Pose: X: 0.0128481, Y: 0.165281, Z: -1.93907, Yaw: 1.82464, Target Pose: X: 0, Y: 0, Z: 0, Yaw: 0, Velocity_out: X: -0.0128481, Y: -0.165281, Z: 1.93907, Velocity_in: X: -0.0023688, Y: 0.000246606, Z: 0.010104, Error: X: -0.0128481, Y: -0.165281, Z: 1.93907, 
Current Pose: X: 0.0128542, Y: 0.165243, Z: -1.93874, Yaw: 1.82463, Target Pose: X: 0, Y: 0, Z: 0, Yaw: 0, Velocity_out: X: -0.0128542, Y: -0.165243, Z: 1.93874, Velocity_in: X: -0.00248653, Y: 0.000376093, Z: 0.0103056, Error: X: -0.0128542, Y: -0.165243, Z: 1.93874, 
Current Pose: X: 0.0128634, Y: 0.165205, Z: -1.93828, Yaw: 1.82461, Target Pose: X: 0, Y: 0, Z: 0, Yaw: 0, Velocity_out: X: -0.0128634, Y: -0.165205, Z: 1.93828, Velocity_in: X: -0.0025132, Y: 0.000467039, Z: 0.01034, Error: X: -0.0128634, Y: -0.165205, Z: 1.93828, 
Current Pose: X: 0.0128697, Y: 0.165167, Z: -1.93785, Yaw: 1.82461, Target Pose: X: 0, Y: 0, Z: 0, Yaw: 0, Velocity_out: X: -0.0128697, Y: -0.165167, Z: 1.93785, Velocity_in: X: -0.00240559, Y: 0.00042955, Z: 0.0104578, Error: X: -0.0128697, Y: -0.165167, Z: 1.93785, 
Current Pose: X: 0.0128748, Y: 0.165141, Z: -1.9373, Yaw: 1.82461, Target Pose: X: 0, Y: 0, Z: 0, Yaw: 0, Velocity_out: X: -0.0128748, Y: -0.165141, Z: 1.9373, Velocity_in: X: -0.0023963, Y: 0.000486504, Z: 0.0106139, Error: X: -0.0128748, Y: -0.165141, Z: 1.9373, 
Current Pose: X: 0.012877, Y: 0.165122, Z: -1.93693, Yaw: 1.82462, Target Pose: X: 0, Y: 0, Z: 0, Yaw: 0, Velocity_out: X: -0.012877, Y: -0.165122, Z: 1.93693, Velocity_in: X: -0.0022684, Y: 0.000469409, Z: 0.0108511, Error: X: -0.012877, Y: -0.165122, Z: 1.93693, 
Current Pose: X: 0.0128854, Y: 0.165102, Z: -1.93642, Yaw: 1.82463, Target Pose: X: 0, Y: 0, Z: 0, Yaw: 0, Velocity_out: X: -0.0128854, Y: -0.165102, Z: 1.93642, Velocity_in: X: -0.00229113, Y: 0.000394966, Z: 0.0109608, Error: X: -0.0128854, Y: -0.165102, Z: 1.93642, 
Current Pose: X: 0.012888, Y: 0.165094, Z: -1.93622, Yaw: 1.82463, Target Pose: X: 0, Y: 0, Z: 0, Yaw: 0, Velocity_out: X: -0.012888, Y: -0.165094, Z: 1.93622, Velocity_in: X: -0.00214275, Y: 0.000362754, Z: 0.0111488, Error: X: -0.012888, Y: -0.165094, Z: 1.93622, 
Current Pose: X: 0.0128916, Y: 0.165088, Z: -1.93599, Yaw: 1.82463, Target Pose: X: 0, Y: 0, Z: 0, Yaw: 0, Velocity_out: X: -0.0128916, Y: -0.165088, Z: 1.93599, Velocity_in: X: -0.00204096, Y: 0.000284055, Z: 0.011074, Error: X: -0.0128916, Y: -0.165088, Z: 1.93599, 
Current Pose: X: 0.0128962, Y: 0.165084, Z: -1.93573, Yaw: 1.82462, Target Pose: X: 0, Y: 0, Z: 0, Yaw: 0, Velocity_out: X: -0.0128962, Y: -0.165084, Z: 1.93573, Velocity_in: X: -0.0019117, Y: 0.000374176, Z: 0.0110881, Error: X: -0.0128962, Y: -0.165084, Z: 1.93573, 
Current Pose: X: 0.0129033, Y: 0.165078, Z: -1.93536, Yaw: 1.82463, Target Pose: X: 0, Y: 0, Z: 0, Yaw: 0, Velocity_out: X: -0.0129033, Y: -0.165078, Z: 1.93536, Velocity_in: X: -0.0018954, Y: 0.00032653, Z: 0.0110141, Error: X: -0.0129033, Y: -0.165078, Z: 1.93536, 
Current Pose: X: 0.0129093, Y: 0.165071, Z: -1.93502, Yaw: 1.82462, Target Pose: X: 0, Y: 0, Z: 0, Yaw: 0, Velocity_out: X: -0.0129093, Y: -0.165071, Z: 1.93502, Velocity_in: X: -0.00182111, Y: 0.000407738, Z: 0.0109977, Error: X: -0.0129093, Y: -0.165071, Z: 1.93502, 
Current Pose: X: 0.0129132, Y: 0.165058, Z: -1.93464, Yaw: 1.82462, Target Pose: X: 0, Y: 0, Z: 0, Yaw: 0, Velocity_out: X: -0.0129132, Y: -0.165058, Z: 1.93464, Velocity_in: X: -0.0019198, Y: 0.000517387, Z: 0.0111696, Error: X: -0.0129132, Y: -0.165058, Z: 1.93464, 
Current Pose: X: 0.0129111, Y: 0.165049, Z: -1.93441, Yaw: 1.82462, Target Pose: X: 0, Y: 0, Z: 0, Yaw: 0, Velocity_out: X: -0.0129111, Y: -0.165049, Z: 1.93441, Velocity_in: X: -0.00180839, Y: 0.000590584, Z: 0.0111105, Error: X: -0.0129111, Y: -0.165049, Z: 1.93441, 
