Current Pose: X: -3.50999, Y: -10.1571, Z: 0.178965, Yaw: 1.95193, Target Pose: X: 0, Y: 0, Z: 0, Yaw: 0, Velocity_out: X: 1.75499, Y: 5.07854, Z: -0.0894826, Velocity_in: X: 0, Y: 0, Z: 0, Error: X: 3.50999, Y: 10.1571, Z: -0.178965, 
Current Pose: X: -3.50994, Y: -10.1571, Z: 0.178962, Yaw: 1.95204, Target Pose: X: 0, Y: 0, Z: 0, Yaw: 0, Velocity_out: X: 1.75497, Y: 5.07854, Z: -0.0894809, Velocity_in: X: -0.000936363, Y: 0.000565392, Z: 0.0122786, Error: X: 3.50994, Y: 10.1571, Z: -0.178962, 
Current Pose: X: -3.50986, Y: -10.1571, Z: 0.178904, Yaw: 1.95218, Target Pose: X: 0, Y: 0, Z: 0, Yaw: 0, Velocity_out: X: 1.75493, Y: 5.07854, Z: -0.0894518, Velocity_in: X: -0.000705555, Y: 0.0006574, Z: 0.0124678, Error: X: 3.50986, Y: 10.1571, Z: -0.178904, 
Current Pose: X: -3.50978, Y: -10.1571, Z: 0.17869, Yaw: 1.95222, Target Pose: X: 0, Y: 0, Z: 0, Yaw: 0, Velocity_out: X: 1.75489, Y: 5.07854, Z: -0.0893449, Velocity_in: X: -0.00087742, Y: 0.000198678, Z: 0.0126662, Error: X: 3.50978, Y: 10.1571, Z: -0.17869, 
Current Pose: X: -3.50971, Y: -10.1571, Z: 0.178431, Yaw: 1.95238, Target Pose: X: 0, Y: 0, Z: 0, Yaw: 0, Velocity_out: X: 1.75485, Y: 5.07853, Z: -0.0892155, Velocity_in: X: -0.000772453, Y: 0.00032718, Z: 0.0127683, Error: X: 3.50971, Y: 10.1571, Z: -0.178431, 
Current Pose: X: -3.50964, Y: -10.1571, Z: 0.178282, Yaw: 1.95256, Target Pose: X: 0, Y: 0, Z: 0, Yaw: 0, Velocity_out: X: 1.75482, Y: 5.07853, Z: -0.089141, Velocity_in: X: -0.000788838, Y: -9.01729e-05, Z: 0.0129905, Error: X: 3.50964, Y: 10.1571, Z: -0.178282, 
Current Pose: X: -3.50957, Y: -10.1571, Z: 0.178171, Yaw: 1.95267, Target Pose: X: 0, Y: 0, Z: 0, Yaw: 0, Velocity_out: X: 1.75478, Y: 5.07855, Z: -0.0890853, Velocity_in: X: -0.000845967, Y: 4.38452e-05, Z: 0.0128577, Error: X: 3.50957, Y: 10.1571, Z: -0.178171, 
Current Pose: X: -3.50949, Y: -10.1571, Z: 0.178109, Yaw: 1.95282, Target Pose: X: 0, Y: 0, Z: 0, Yaw: 0, Velocity_out: X: 1.75475, Y: 5.07857, Z: -0.0890544, Velocity_in: X: -0.00134324, Y: 0.000283473, Z: 0.0129502, Error: X: 3.50949, Y: 10.1571, Z: -0.178109, 
Current Pose: X: -3.50943, Y: -10.1572, Z: 0.178144, Yaw: 1.95297, Target Pose: X: 0, Y: 0, Z: 0, Yaw: 0, Velocity_out: X: 1.75471, Y: 5.0786, Z: -0.0890722, Velocity_in: X: -0.00189363, Y: 0.00024404, Z: 0.0129804, Error: X: 3.50943, Y: 10.1572, Z: -0.178144, 
Current Pose: X: -3.50934, Y: -10.1573, Z: 0.178083, Yaw: 1.95304, Target Pose: X: 0, Y: 0, Z: 0, Yaw: 0, Velocity_out: X: 1.75467, Y: 5.07863, Z: -0.0890414, Velocity_in: X: -0.00186809, Y: 7.75948e-05, Z: 0.0131637, Error: X: 3.50934, Y: 10.1573, Z: -0.178083, 
Current Pose: X: -3.50927, Y: -10.1573, Z: 0.177715, Yaw: 1.95316, Target Pose: X: 0, Y: 0, Z: 0, Yaw: 0, Velocity_out: X: 1.75464, Y: 5.07866, Z: -0.0888575, Velocity_in: X: -0.00220351, Y: -6.1077e-05, Z: 0.0129685, Error: X: 3.50927, Y: 10.1573, Z: -0.177715, 
Current Pose: X: -3.50923, Y: -10.1574, Z: 0.177565, Yaw: 1.95327, Target Pose: X: 0, Y: 0, Z: 0, Yaw: 0, Velocity_out: X: 1.75461, Y: 5.07869, Z: -0.0887825, Velocity_in: X: -0.00185802, Y: 0.000550402, Z: 0.0128567, Error: X: 3.50923, Y: 10.1574, Z: -0.177565, 
Current Pose: X: -3.50916, Y: -10.1574, Z: 0.177437, Yaw: 1.95335, Target Pose: X: 0, Y: 0, Z: 0, Yaw: 0, Velocity_out: X: 1.75458, Y: 5.07872, Z: -0.0887187, Velocity_in: X: -0.00191036, Y: 0.000279189, Z: 0.012686, Error: X: 3.50916, Y: 10.1574, Z: -0.177437, 
Current Pose: X: -3.5091, Y: -10.1575, Z: 0.177363, Yaw: 1.95343, Target Pose: X: 0, Y: 0, Z: 0, Yaw: 0, Velocity_out: X: 1.75455, Y: 5.07876, Z: -0.0886813, Velocity_in: X: -0.00234974, Y: 0.000551882, Z: 0.0127839, Error: X: 3.5091, Y: 10.1575, Z: -0.177363, 
Current Pose: X: -3.50903, Y: -10.1576, Z: 0.177299, Yaw: 1.95355, Target Pose: X: 0, Y: 0, Z: 0, Yaw: 0, Velocity_out: X: 1.75452, Y: 5.0788, Z: -0.0886495, Velocity_in: X: -0.00236277, Y: 0.000305346, Z: 0.0122242, Error: X: 3.50903, Y: 10.1576, Z: -0.177299, 
Current Pose: X: -3.50897, Y: -10.1577, Z: 0.177202, Yaw: 1.95356, Target Pose: X: 0, Y: 0, Z: 0, Yaw: 0, Velocity_out: X: 1.75449, Y: 5.07883, Z: -0.088601, Velocity_in: X: -0.00227042, Y: 0.000353632, Z: 0.0124766, Error: X: 3.50897, Y: 10.1577, Z: -0.177202, 
Current Pose: X: -3.5089, Y: -10.1577, Z: 0.177053, Yaw: 1.95365, Target Pose: X: 0, Y: 0, Z: 0, Yaw: 0, Velocity_out: X: 1.75445, Y: 5.07886, Z: -0.0885264, Velocity_in: X: -0.00225861, Y: 0.000143269, Z: 0.0126597, Error: X: 3.5089, Y: 10.1577, Z: -0.177053, 
Current Pose: X: -3.50879, Y: -10.1578, Z: 0.17713, Yaw: 1.9537, Target Pose: X: 0, Y: 0, Z: 0, Yaw: 0, Velocity_out: X: 1.7544, Y: 5.07888, Z: -0.0885652, Velocity_in: X: -0.00221201, Y: -6.34891e-05, Z: 0.012747, Error: X: 3.50879, Y: 10.1578, Z: -0.17713, 
Current Pose: X: -3.50871, Y: -10.1578, Z: 0.177242, Yaw: 1.95373, Target Pose: X: 0, Y: 0, Z: 0, Yaw: 0, Velocity_out: X: 1.75435, Y: 5.07889, Z: -0.088621, Velocity_in: X: -0.00248942, Y: -0.000231399, Z: 0.0130115, Error: X: 3.50871, Y: 10.1578, Z: -0.177242, 
Current Pose: X: -3.50859, Y: -10.1578, Z: 0.177425, Yaw: 1.95391, Target Pose: X: 0, Y: 0, Z: 0, Yaw: 0, Velocity_out: X: 1.7543, Y: 5.07891, Z: -0.0887123, Velocity_in: X: -0.00220232, Y: -0.000704333, Z: 0.0127755, Error: X: 3.50859, Y: 10.1578, Z: -0.177425, 
Current Pose: X: -3.50849, Y: -10.1578, Z: 0.177637, Yaw: 1.95398, Target Pose: X: 0, Y: 0, Z: 0, Yaw: 0, Velocity_out: X: 1.75424, Y: 5.07892, Z: -0.0888186, Velocity_in: X: -0.00251297, Y: -0.000646657, Z: 0.0134036, Error: X: 3.50849, Y: 10.1578, Z: -0.177637, 
Current Pose: X: -3.50842, Y: -10.1579, Z: 0.177795, Yaw: 1.954, Target Pose: X: 0, Y: 0, Z: 0, Yaw: 0, Velocity_out: X: 1.75421, Y: 5.07894, Z: -0.0888974, Velocity_in: X: -0.0025647, Y: -0.000425537, Z: 0.0131872, Error: X: 3.50842, Y: 10.1579, Z: -0.177795, 
Current Pose: X: -3.50838, Y: -10.1579, Z: 0.177782, Yaw: 1.95405, Target Pose: X: 0, Y: 0, Z: 0, Yaw: 0, Velocity_out: X: 1.75419, Y: 5.07895, Z: -0.0888909, Velocity_in: X: -0.0023457, Y: -0.000315342, Z: 0.0128747, Error: X: 3.50838, Y: 10.1579, Z: -0.177782, 
Current Pose: X: -3.50834, Y: -10.1579, Z: 0.177832, Yaw: 1.95403, Target Pose: X: 0, Y: 0, Z: 0, Yaw: 0, Velocity_out: X: 1.75417, Y: 5.07897, Z: -0.088916, Velocity_in: X: -0.0025432, Y: -0.000269452, Z: 0.0129602, Error: X: 3.50834, Y: 10.1579, Z: -0.177832, 
