[0.751s] DEBUG:colcon:Command line arguments: ['/usr/bin/colcon', 'build', '--packages-select', 'offb_control_mavros']
[0.752s] DEBUG:colcon:Parsed command line arguments: Namespace(log_base=None, log_level=None, verb_name='build', build_base='build', install_base='install', merge_install=False, symlink_install=False, test_result_base=None, continue_on_error=False, executor='parallel', parallel_workers=4, event_handlers=None, ignore_user_meta=False, metas=['./colcon.meta'], base_paths=['.'], packages_ignore=None, packages_ignore_regex=None, paths=None, packages_up_to=None, packages_up_to_regex=None, packages_above=None, packages_above_and_dependencies=None, packages_above_depth=None, packages_select_by_dep=None, packages_skip_by_dep=None, packages_skip_up_to=None, packages_select_build_failed=False, packages_skip_build_finished=False, packages_select_test_failures=False, packages_skip_test_passed=False, packages_select=['offb_control_mavros'], packages_skip=None, packages_select_regex=None, packages_skip_regex=None, packages_start=None, packages_end=None, allow_overriding=[], cmake_args=None, cmake_target=None, cmake_target_skip_unavailable=False, cmake_clean_cache=False, cmake_clean_first=False, cmake_force_configure=False, ament_cmake_args=None, catkin_cmake_args=None, catkin_skip_building_tests=False, verb_parser=<colcon_defaults.argument_parser.defaults.DefaultArgumentsDecorator object at 0xffff92816f50>, verb_extension=<colcon_core.verb.build.BuildVerb object at 0xffff929abb80>, main=<bound method BuildVerb.main of <colcon_core.verb.build.BuildVerb object at 0xffff929abb80>>)
[1.935s] Level 1:colcon.colcon_core.package_discovery:discover_packages(colcon_meta) check parameters
[1.936s] Level 1:colcon.colcon_core.package_discovery:discover_packages(recursive) check parameters
[1.936s] Level 1:colcon.colcon_core.package_discovery:discover_packages(ignore) check parameters
[1.937s] Level 1:colcon.colcon_core.package_discovery:discover_packages(path) check parameters
[1.937s] Level 1:colcon.colcon_core.package_discovery:discover_packages(colcon_meta) discover
[1.937s] Level 1:colcon.colcon_core.package_discovery:discover_packages(recursive) discover
[1.938s] INFO:colcon.colcon_core.package_discovery:Crawling recursively for packages in '/home/ubuntu/rip'
[1.938s] Level 1:colcon.colcon_core.package_identification:_identify(.) by extensions ['ignore', 'ignore_ament_install']
[1.939s] Level 1:colcon.colcon_core.package_identification:_identify(.) by extension 'ignore'
[1.939s] Level 1:colcon.colcon_core.package_identification:_identify(.) by extension 'ignore_ament_install'
[1.940s] Level 1:colcon.colcon_core.package_identification:_identify(.) by extensions ['colcon_pkg']
[1.940s] Level 1:colcon.colcon_core.package_identification:_identify(.) by extension 'colcon_pkg'
[1.941s] Level 1:colcon.colcon_core.package_identification:_identify(.) by extensions ['colcon_meta']
[1.941s] Level 1:colcon.colcon_core.package_identification:_identify(.) by extension 'colcon_meta'
[1.941s] Level 1:colcon.colcon_core.package_identification:_identify(.) by extensions ['ros']
[1.941s] Level 1:colcon.colcon_core.package_identification:_identify(.) by extension 'ros'
[2.018s] Level 1:colcon.colcon_core.package_identification:_identify(.) by extensions ['cmake', 'python']
[2.019s] Level 1:colcon.colcon_core.package_identification:_identify(.) by extension 'cmake'
[2.019s] Level 1:colcon.colcon_core.package_identification:_identify(.) by extension 'python'
[2.020s] Level 1:colcon.colcon_core.package_identification:_identify(.) by extensions ['python_setup_py']
[2.020s] Level 1:colcon.colcon_core.package_identification:_identify(.) by extension 'python_setup_py'
[2.021s] Level 1:colcon.colcon_core.package_identification:_identify(build) by extensions ['ignore', 'ignore_ament_install']
[2.022s] Level 1:colcon.colcon_core.package_identification:_identify(build) by extension 'ignore'
[2.022s] Level 1:colcon.colcon_core.package_identification:_identify(build) ignored
[2.023s] Level 1:colcon.colcon_core.package_identification:_identify(install) by extensions ['ignore', 'ignore_ament_install']
[2.024s] Level 1:colcon.colcon_core.package_identification:_identify(install) by extension 'ignore'
[2.024s] Level 1:colcon.colcon_core.package_identification:_identify(install) ignored
[2.026s] Level 1:colcon.colcon_core.package_identification:_identify(log) by extensions ['ignore', 'ignore_ament_install']
[2.027s] Level 1:colcon.colcon_core.package_identification:_identify(log) by extension 'ignore'
[2.027s] Level 1:colcon.colcon_core.package_identification:_identify(log) ignored
[2.028s] Level 1:colcon.colcon_core.package_identification:_identify(test) by extensions ['ignore', 'ignore_ament_install']
[2.029s] Level 1:colcon.colcon_core.package_identification:_identify(test) by extension 'ignore'
[2.029s] Level 1:colcon.colcon_core.package_identification:_identify(test) by extension 'ignore_ament_install'
[2.030s] Level 1:colcon.colcon_core.package_identification:_identify(test) by extensions ['colcon_pkg']
[2.030s] Level 1:colcon.colcon_core.package_identification:_identify(test) by extension 'colcon_pkg'
[2.031s] Level 1:colcon.colcon_core.package_identification:_identify(test) by extensions ['colcon_meta']
[2.031s] Level 1:colcon.colcon_core.package_identification:_identify(test) by extension 'colcon_meta'
[2.032s] Level 1:colcon.colcon_core.package_identification:_identify(test) by extensions ['ros']
[2.032s] Level 1:colcon.colcon_core.package_identification:_identify(test) by extension 'ros'
[2.033s] Level 1:colcon.colcon_core.package_identification:_identify(test) by extensions ['cmake', 'python']
[2.034s] Level 1:colcon.colcon_core.package_identification:_identify(test) by extension 'cmake'
[2.034s] Level 1:colcon.colcon_core.package_identification:_identify(test) by extension 'python'
[2.034s] Level 1:colcon.colcon_core.package_identification:_identify(test) by extensions ['python_setup_py']
[2.035s] Level 1:colcon.colcon_core.package_identification:_identify(test) by extension 'python_setup_py'
[2.035s] Level 1:colcon.colcon_core.package_discovery:discover_packages(recursive) using defaults
[2.035s] Level 1:colcon.colcon_core.package_discovery:discover_packages(ignore) discover
[2.036s] Level 1:colcon.colcon_core.package_discovery:discover_packages(ignore) using defaults
[2.036s] Level 1:colcon.colcon_core.package_discovery:discover_packages(path) discover
[2.036s] Level 1:colcon.colcon_core.package_discovery:discover_packages(path) using defaults
[2.037s] WARNING:colcon.colcon_core.package_selection:ignoring unknown package 'offb_control_mavros' in --packages-select
[2.169s] Level 1:colcon.colcon_core.package_discovery:discover_packages(prefix_path) check parameters
[2.170s] Level 1:colcon.colcon_core.package_discovery:discover_packages(prefix_path) discover
[2.185s] DEBUG:colcon.colcon_installed_package_information.package_discovery:Found 1 installed packages in /home/ubuntu/ros2_ws/install
[2.194s] DEBUG:colcon.colcon_installed_package_information.package_discovery:Found 187 installed packages in /opt/ros/humble
[2.201s] Level 1:colcon.colcon_core.package_discovery:discover_packages(prefix_path) using defaults
[2.393s] INFO:colcon.colcon_core.executor:Executing jobs using 'parallel' executor
[2.398s] DEBUG:colcon.colcon_parallel_executor.executor.parallel:run_until_complete
[2.399s] DEBUG:colcon.colcon_parallel_executor.executor.parallel:closing loop
[2.400s] DEBUG:colcon.colcon_parallel_executor.executor.parallel:loop closed
[2.400s] DEBUG:colcon.colcon_parallel_executor.executor.parallel:run_until_complete finished with '0'
[2.401s] DEBUG:colcon.colcon_core.event_reactor:joining thread
[2.438s] INFO:colcon.colcon_core.plugin_system:Skipping extension 'colcon_notification.desktop_notification.notify_send': Could not find 'notify-send'
[2.438s] INFO:colcon.colcon_core.plugin_system:Skipping extension 'colcon_notification.desktop_notification.terminal_notifier': Not used on non-Darwin systems
[2.439s] INFO:colcon.colcon_core.plugin_system:Skipping extension 'colcon_notification.desktop_notification.win32': Not used on non-Windows systems
[2.439s] INFO:colcon.colcon_notification.desktop_notification:Sending desktop notification using 'notify2'
[2.443s] DEBUG:colcon.colcon_notification.desktop_notification.notify2:Failed to initialize notify2: org.freedesktop.DBus.Error.ServiceUnknown: The name org.freedesktop.Notifications was not provided by any .service files
[2.444s] DEBUG:colcon.colcon_core.event_reactor:joined thread
[2.459s] INFO:colcon.colcon_core.plugin_system:Skipping extension 'colcon_core.shell.bat': Not used on non-Windows systems
[2.460s] INFO:colcon.colcon_core.shell:Creating prefix script '/home/ubuntu/rip/install/local_setup.ps1'
[2.465s] INFO:colcon.colcon_core.shell:Creating prefix util module '/home/ubuntu/rip/install/_local_setup_util_ps1.py'
[2.472s] INFO:colcon.colcon_core.shell:Creating prefix chain script '/home/ubuntu/rip/install/setup.ps1'
[2.478s] INFO:colcon.colcon_core.shell:Creating prefix script '/home/ubuntu/rip/install/local_setup.sh'
[2.481s] INFO:colcon.colcon_core.shell:Creating prefix util module '/home/ubuntu/rip/install/_local_setup_util_sh.py'
[2.484s] INFO:colcon.colcon_core.shell:Creating prefix chain script '/home/ubuntu/rip/install/setup.sh'
[2.490s] INFO:colcon.colcon_core.shell:Creating prefix script '/home/ubuntu/rip/install/local_setup.bash'
[2.494s] INFO:colcon.colcon_core.shell:Creating prefix chain script '/home/ubuntu/rip/install/setup.bash'
[2.499s] INFO:colcon.colcon_core.shell:Creating prefix script '/home/ubuntu/rip/install/local_setup.zsh'
[2.503s] INFO:colcon.colcon_core.shell:Creating prefix chain script '/home/ubuntu/rip/install/setup.zsh'
